[2024-03-16 21:44:56,265] [INFO] [main] Connected to MQTT broker
[2024-03-16 21:45:12,474] [INFO] [main] Connected to MQTT broker
[2024-03-16 21:46:04,585] [INFO] [main] Connected to MQTT broker
[2024-03-16 21:47:11,853] [INFO] [main] Connected to MQTT broker
[2024-03-16 21:48:24,137] [ERROR] [store_api_adapter] An error occurred while saving data: Object of type datetime is not JSON serializable
Traceback (most recent call last):
  File "E:\Development\ies-labs\project_template\hub\app\adapters\store_api_adapter.py", line 30, in save_data
    response = requests.post(url, json=data, headers=headers)
               ^^^^^^^^^^^^^^^^^^^^^^^^^^^^^^^^^^^^^^^^^^^^^^
  File "E:\Development\ies-labs\project_template\hub\venv\Lib\site-packages\requests\api.py", line 115, in post
    return request("post", url, data=data, json=json, **kwargs)
           ^^^^^^^^^^^^^^^^^^^^^^^^^^^^^^^^^^^^^^^^^^^^^^^^^^^^
  File "E:\Development\ies-labs\project_template\hub\venv\Lib\site-packages\requests\api.py", line 59, in request
    return session.request(method=method, url=url, **kwargs)
           ^^^^^^^^^^^^^^^^^^^^^^^^^^^^^^^^^^^^^^^^^^^^^^^^^
  File "E:\Development\ies-labs\project_template\hub\venv\Lib\site-packages\requests\sessions.py", line 575, in request
    prep = self.prepare_request(req)
           ^^^^^^^^^^^^^^^^^^^^^^^^^
  File "E:\Development\ies-labs\project_template\hub\venv\Lib\site-packages\requests\sessions.py", line 486, in prepare_request
    p.prepare(
  File "E:\Development\ies-labs\project_template\hub\venv\Lib\site-packages\requests\models.py", line 371, in prepare
    self.prepare_body(data, files, json)
  File "E:\Development\ies-labs\project_template\hub\venv\Lib\site-packages\requests\models.py", line 511, in prepare_body
    body = complexjson.dumps(json, allow_nan=False)
           ^^^^^^^^^^^^^^^^^^^^^^^^^^^^^^^^^^^^^^^^
  File "C:\Users\Stanislav\AppData\Local\Programs\Python\Python312\Lib\json\__init__.py", line 238, in dumps
    **kw).encode(obj)
          ^^^^^^^^^^^
  File "C:\Users\Stanislav\AppData\Local\Programs\Python\Python312\Lib\json\encoder.py", line 200, in encode
    chunks = self.iterencode(o, _one_shot=True)
             ^^^^^^^^^^^^^^^^^^^^^^^^^^^^^^^^^^
  File "C:\Users\Stanislav\AppData\Local\Programs\Python\Python312\Lib\json\encoder.py", line 258, in iterencode
    return _iterencode(o, 0)
           ^^^^^^^^^^^^^^^^^
  File "C:\Users\Stanislav\AppData\Local\Programs\Python\Python312\Lib\json\encoder.py", line 180, in default
    raise TypeError(f'Object of type {o.__class__.__name__} '
TypeError: Object of type datetime is not JSON serializable
[2024-03-16 21:49:27,137] [ERROR] [store_api_adapter] An error occurred while saving data: Object of type datetime is not JSON serializable
Traceback (most recent call last):
  File "E:\Development\ies-labs\project_template\hub\app\adapters\store_api_adapter.py", line 30, in save_data
    response = requests.post(url, json=data, headers=headers)
               ^^^^^^^^^^^^^^^^^^^^^^^^^^^^^^^^^^^^^^^^^^^^^^
  File "E:\Development\ies-labs\project_template\hub\venv\Lib\site-packages\requests\api.py", line 115, in post
    return request("post", url, data=data, json=json, **kwargs)
           ^^^^^^^^^^^^^^^^^^^^^^^^^^^^^^^^^^^^^^^^^^^^^^^^^^^^
  File "E:\Development\ies-labs\project_template\hub\venv\Lib\site-packages\requests\api.py", line 59, in request
    return session.request(method=method, url=url, **kwargs)
           ^^^^^^^^^^^^^^^^^^^^^^^^^^^^^^^^^^^^^^^^^^^^^^^^^
  File "E:\Development\ies-labs\project_template\hub\venv\Lib\site-packages\requests\sessions.py", line 575, in request
    prep = self.prepare_request(req)
           ^^^^^^^^^^^^^^^^^^^^^^^^^
  File "E:\Development\ies-labs\project_template\hub\venv\Lib\site-packages\requests\sessions.py", line 486, in prepare_request
    p.prepare(
  File "E:\Development\ies-labs\project_template\hub\venv\Lib\site-packages\requests\models.py", line 371, in prepare
    self.prepare_body(data, files, json)
  File "E:\Development\ies-labs\project_template\hub\venv\Lib\site-packages\requests\models.py", line 511, in prepare_body
    body = complexjson.dumps(json, allow_nan=False)
           ^^^^^^^^^^^^^^^^^^^^^^^^^^^^^^^^^^^^^^^^
  File "C:\Users\Stanislav\AppData\Local\Programs\Python\Python312\Lib\json\__init__.py", line 238, in dumps
    **kw).encode(obj)
          ^^^^^^^^^^^
  File "C:\Users\Stanislav\AppData\Local\Programs\Python\Python312\Lib\json\encoder.py", line 200, in encode
    chunks = self.iterencode(o, _one_shot=True)
             ^^^^^^^^^^^^^^^^^^^^^^^^^^^^^^^^^^
  File "C:\Users\Stanislav\AppData\Local\Programs\Python\Python312\Lib\json\encoder.py", line 258, in iterencode
    return _iterencode(o, 0)
           ^^^^^^^^^^^^^^^^^
  File "C:\Users\Stanislav\AppData\Local\Programs\Python\Python312\Lib\json\encoder.py", line 180, in default
    raise TypeError(f'Object of type {o.__class__.__name__} '
TypeError: Object of type datetime is not JSON serializable
[2024-03-16 21:50:30,609] [INFO] [main] Connected to MQTT broker
[2024-03-16 21:50:39,681] [ERROR] [store_api_adapter] An error occurred while saving data: Object of type ProcessedAgentData is not JSON serializable
Traceback (most recent call last):
  File "E:\Development\ies-labs\project_template\hub\app\adapters\store_api_adapter.py", line 30, in save_data
    response = requests.post(url, json=data, headers=headers)
               ^^^^^^^^^^^^^^^^^^^^^^^^^^^^^^^^^^^^^^^^^^^^^^
  File "E:\Development\ies-labs\project_template\hub\venv\Lib\site-packages\requests\api.py", line 115, in post
    return request("post", url, data=data, json=json, **kwargs)
           ^^^^^^^^^^^^^^^^^^^^^^^^^^^^^^^^^^^^^^^^^^^^^^^^^^^^
  File "E:\Development\ies-labs\project_template\hub\venv\Lib\site-packages\requests\api.py", line 59, in request
    return session.request(method=method, url=url, **kwargs)
           ^^^^^^^^^^^^^^^^^^^^^^^^^^^^^^^^^^^^^^^^^^^^^^^^^
  File "E:\Development\ies-labs\project_template\hub\venv\Lib\site-packages\requests\sessions.py", line 575, in request
    prep = self.prepare_request(req)
           ^^^^^^^^^^^^^^^^^^^^^^^^^
  File "E:\Development\ies-labs\project_template\hub\venv\Lib\site-packages\requests\sessions.py", line 486, in prepare_request
    p.prepare(
  File "E:\Development\ies-labs\project_template\hub\venv\Lib\site-packages\requests\models.py", line 371, in prepare
    self.prepare_body(data, files, json)
  File "E:\Development\ies-labs\project_template\hub\venv\Lib\site-packages\requests\models.py", line 511, in prepare_body
    body = complexjson.dumps(json, allow_nan=False)
           ^^^^^^^^^^^^^^^^^^^^^^^^^^^^^^^^^^^^^^^^
  File "C:\Users\Stanislav\AppData\Local\Programs\Python\Python312\Lib\json\__init__.py", line 238, in dumps
    **kw).encode(obj)
          ^^^^^^^^^^^
  File "C:\Users\Stanislav\AppData\Local\Programs\Python\Python312\Lib\json\encoder.py", line 200, in encode
    chunks = self.iterencode(o, _one_shot=True)
             ^^^^^^^^^^^^^^^^^^^^^^^^^^^^^^^^^^
  File "C:\Users\Stanislav\AppData\Local\Programs\Python\Python312\Lib\json\encoder.py", line 258, in iterencode
    return _iterencode(o, 0)
           ^^^^^^^^^^^^^^^^^
  File "C:\Users\Stanislav\AppData\Local\Programs\Python\Python312\Lib\json\encoder.py", line 180, in default
    raise TypeError(f'Object of type {o.__class__.__name__} '
TypeError: Object of type ProcessedAgentData is not JSON serializable
[2024-03-16 21:51:39,692] [INFO] [main] Connected to MQTT broker
[2024-03-16 21:51:46,256] [ERROR] [store_api_adapter] Failed to save data. Status code: 422, Reason: {"detail":[{"type":"model_attributes_type","loc":["body",0],"msg":"Input should be a valid dictionary or object to extract fields from","input":"{\"road_state\":\"string\",\"agent_data\":{\"user_id\":0,\"accelerometer\":{\"x\":0.0,\"y\":0.0,\"z\":0.0},\"gps\":{\"latitude\":0.0,\"longitude\":0.0},\"timestamp\":\"2024-03-16T19:47:17.566Z\"}}","url":"https://errors.pydantic.dev/2.4/v/model_attributes_type"},{"type":"model_attributes_type","loc":["body",1],"msg":"Input should be a valid dictionary or object to extract fields from","input":"{\"road_state\":\"string\",\"agent_data\":{\"user_id\":0,\"accelerometer\":{\"x\":0.0,\"y\":0.0,\"z\":0.0},\"gps\":{\"latitude\":0.0,\"longitude\":0.0},\"timestamp\":\"2024-03-16T19:47:17.566Z\"}}","url":"https://errors.pydantic.dev/2.4/v/model_attributes_type"},{"type":"model_attributes_type","loc":["body",2],"msg":"Input should be a valid dictionary or object to extract fields from","input":"{\"road_state\":\"string\",\"agent_data\":{\"user_id\":0,\"accelerometer\":{\"x\":0.0,\"y\":0.0,\"z\":0.0},\"gps\":{\"latitude\":0.0,\"longitude\":0.0},\"timestamp\":\"2024-03-16T19:47:17.566Z\"}}","url":"https://errors.pydantic.dev/2.4/v/model_attributes_type"},{"type":"model_attributes_type","loc":["body",3],"msg":"Input should be a valid dictionary or object to extract fields from","input":"{\"road_state\":\"string\",\"agent_data\":{\"user_id\":0,\"accelerometer\":{\"x\":0.0,\"y\":0.0,\"z\":0.0},\"gps\":{\"latitude\":0.0,\"longitude\":0.0},\"timestamp\":\"2024-03-16T19:47:17.566Z\"}}","url":"https://errors.pydantic.dev/2.4/v/model_attributes_type"},{"type":"model_attributes_type","loc":["body",4],"msg":"Input should be a valid dictionary or object to extract fields from","input":"{\"road_state\":\"string\",\"agent_data\":{\"user_id\":0,\"accelerometer\":{\"x\":0.0,\"y\":0.0,\"z\":0.0},\"gps\":{\"latitude\":0.0,\"longitude\":0.0},\"timestamp\":\"2024-03-16T19:47:17.566Z\"}}","url":"https://errors.pydantic.dev/2.4/v/model_attributes_type"},{"type":"model_attributes_type","loc":["body",5],"msg":"Input should be a valid dictionary or object to extract fields from","input":"{\"road_state\":\"string\",\"agent_data\":{\"user_id\":0,\"accelerometer\":{\"x\":0.0,\"y\":0.0,\"z\":0.0},\"gps\":{\"latitude\":0.0,\"longitude\":0.0},\"timestamp\":\"2024-03-16T19:47:17.566Z\"}}","url":"https://errors.pydantic.dev/2.4/v/model_attributes_type"},{"type":"model_attributes_type","loc":["body",6],"msg":"Input should be a valid dictionary or object to extract fields from","input":"{\"road_state\":\"string\",\"agent_data\":{\"user_id\":0,\"accelerometer\":{\"x\":0.0,\"y\":0.0,\"z\":0.0},\"gps\":{\"latitude\":0.0,\"longitude\":0.0},\"timestamp\":\"2024-03-16T19:47:17.566Z\"}}","url":"https://errors.pydantic.dev/2.4/v/model_attributes_type"},{"type":"model_attributes_type","loc":["body",7],"msg":"Input should be a valid dictionary or object to extract fields from","input":"{\"road_state\":\"string\",\"agent_data\":{\"user_id\":0,\"accelerometer\":{\"x\":0.0,\"y\":0.0,\"z\":0.0},\"gps\":{\"latitude\":0.0,\"longitude\":0.0},\"timestamp\":\"2024-03-16T19:47:17.566Z\"}}","url":"https://errors.pydantic.dev/2.4/v/model_attributes_type"},{"type":"model_attributes_type","loc":["body",8],"msg":"Input should be a valid dictionary or object to extract fields from","input":"{\"road_state\":\"string\",\"agent_data\":{\"user_id\":0,\"accelerometer\":{\"x\":0.0,\"y\":0.0,\"z\":0.0},\"gps\":{\"latitude\":0.0,\"longitude\":0.0},\"timestamp\":\"2024-03-16T19:47:17.566Z\"}}","url":"https://errors.pydantic.dev/2.4/v/model_attributes_type"},{"type":"model_attributes_type","loc":["body",9],"msg":"Input should be a valid dictionary or object to extract fields from","input":"{\"road_state\":\"string\",\"agent_data\":{\"user_id\":0,\"accelerometer\":{\"x\":0.0,\"y\":0.0,\"z\":0.0},\"gps\":{\"latitude\":0.0,\"longitude\":0.0},\"timestamp\":\"2024-03-16T19:47:17.566Z\"}}","url":"https://errors.pydantic.dev/2.4/v/model_attributes_type"},{"type":"model_attributes_type","loc":["body",10],"msg":"Input should be a valid dictionary or object to extract fields from","input":"{\"road_state\":\"string\",\"agent_data\":{\"user_id\":0,\"accelerometer\":{\"x\":0.0,\"y\":0.0,\"z\":0.0},\"gps\":{\"latitude\":0.0,\"longitude\":0.0},\"timestamp\":\"2024-03-16T19:47:17.566Z\"}}","url":"https://errors.pydantic.dev/2.4/v/model_attributes_type"},{"type":"model_attributes_type","loc":["body",11],"msg":"Input should be a valid dictionary or object to extract fields from","input":"{\"road_state\":\"string\",\"agent_data\":{\"user_id\":0,\"accelerometer\":{\"x\":0.0,\"y\":0.0,\"z\":0.0},\"gps\":{\"latitude\":0.0,\"longitude\":0.0},\"timestamp\":\"2024-03-16T19:47:17.566Z\"}}","url":"https://errors.pydantic.dev/2.4/v/model_attributes_type"},{"type":"model_attributes_type","loc":["body",12],"msg":"Input should be a valid dictionary or object to extract fields from","input":"{\"road_state\":\"string\",\"agent_data\":{\"user_id\":0,\"accelerometer\":{\"x\":0.0,\"y\":0.0,\"z\":0.0},\"gps\":{\"latitude\":0.0,\"longitude\":0.0},\"timestamp\":\"2024-03-16T19:47:17.566Z\"}}","url":"https://errors.pydantic.dev/2.4/v/model_attributes_type"},{"type":"model_attributes_type","loc":["body",13],"msg":"Input should be a valid dictionary or object to extract fields from","input":"{\"road_state\":\"string\",\"agent_data\":{\"user_id\":0,\"accelerometer\":{\"x\":0.0,\"y\":0.0,\"z\":0.0},\"gps\":{\"latitude\":0.0,\"longitude\":0.0},\"timestamp\":\"2024-03-16T19:47:17.566Z\"}}","url":"https://errors.pydantic.dev/2.4/v/model_attributes_type"},{"type":"model_attributes_type","loc":["body",14],"msg":"Input should be a valid dictionary or object to extract fields from","input":"{\"road_state\":\"string\",\"agent_data\":{\"user_id\":0,\"accelerometer\":{\"x\":0.0,\"y\":0.0,\"z\":0.0},\"gps\":{\"latitude\":0.0,\"longitude\":0.0},\"timestamp\":\"2024-03-16T19:47:17.566Z\"}}","url":"https://errors.pydantic.dev/2.4/v/model_attributes_type"},{"type":"model_attributes_type","loc":["body",15],"msg":"Input should be a valid dictionary or object to extract fields from","input":"{\"road_state\":\"string\",\"agent_data\":{\"user_id\":0,\"accelerometer\":{\"x\":0.0,\"y\":0.0,\"z\":0.0},\"gps\":{\"latitude\":0.0,\"longitude\":0.0},\"timestamp\":\"2024-03-16T19:47:17.566Z\"}}","url":"https://errors.pydantic.dev/2.4/v/model_attributes_type"},{"type":"model_attributes_type","loc":["body",16],"msg":"Input should be a valid dictionary or object to extract fields from","input":"{\"road_state\":\"string\",\"agent_data\":{\"user_id\":0,\"accelerometer\":{\"x\":0.0,\"y\":0.0,\"z\":0.0},\"gps\":{\"latitude\":0.0,\"longitude\":0.0},\"timestamp\":\"2024-03-16T19:47:17.566Z\"}}","url":"https://errors.pydantic.dev/2.4/v/model_attributes_type"},{"type":"model_attributes_type","loc":["body",17],"msg":"Input should be a valid dictionary or object to extract fields from","input":"{\"road_state\":\"string\",\"agent_data\":{\"user_id\":0,\"accelerometer\":{\"x\":0.0,\"y\":0.0,\"z\":0.0},\"gps\":{\"latitude\":0.0,\"longitude\":0.0},\"timestamp\":\"2024-03-16T19:47:17.566Z\"}}","url":"https://errors.pydantic.dev/2.4/v/model_attributes_type"},{"type":"model_attributes_type","loc":["body",18],"msg":"Input should be a valid dictionary or object to extract fields from","input":"{\"road_state\":\"string\",\"agent_data\":{\"user_id\":0,\"accelerometer\":{\"x\":0.0,\"y\":0.0,\"z\":0.0},\"gps\":{\"latitude\":0.0,\"longitude\":0.0},\"timestamp\":\"2024-03-16T19:47:17.566Z\"}}","url":"https://errors.pydantic.dev/2.4/v/model_attributes_type"},{"type":"model_attributes_type","loc":["body",19],"msg":"Input should be a valid dictionary or object to extract fields from","input":"{\"road_state\":\"string\",\"agent_data\":{\"user_id\":0,\"accelerometer\":{\"x\":0.0,\"y\":0.0,\"z\":0.0},\"gps\":{\"latitude\":0.0,\"longitude\":0.0},\"timestamp\":\"2024-03-16T19:47:17.566Z\"}}","url":"https://errors.pydantic.dev/2.4/v/model_attributes_type"}]}
[2024-03-16 21:56:08,771] [ERROR] [store_api_adapter] Failed to save data. Status code: 422, Reason: {"detail":[{"type":"model_attributes_type","loc":["body",0],"msg":"Input should be a valid dictionary or object to extract fields from","input":"{\"road_state\":\"string\",\"agent_data\":{\"user_id\":0,\"accelerometer\":{\"x\":0.0,\"y\":0.0,\"z\":0.0},\"gps\":{\"latitude\":0.0,\"longitude\":0.0},\"timestamp\":\"2024-03-16T19:47:17.566Z\"}}","url":"https://errors.pydantic.dev/2.4/v/model_attributes_type"},{"type":"model_attributes_type","loc":["body",1],"msg":"Input should be a valid dictionary or object to extract fields from","input":"{\"road_state\":\"string\",\"agent_data\":{\"user_id\":0,\"accelerometer\":{\"x\":0.0,\"y\":0.0,\"z\":0.0},\"gps\":{\"latitude\":0.0,\"longitude\":0.0},\"timestamp\":\"2024-03-16T19:47:17.566Z\"}}","url":"https://errors.pydantic.dev/2.4/v/model_attributes_type"},{"type":"model_attributes_type","loc":["body",2],"msg":"Input should be a valid dictionary or object to extract fields from","input":"{\"road_state\":\"string\",\"agent_data\":{\"user_id\":0,\"accelerometer\":{\"x\":0.0,\"y\":0.0,\"z\":0.0},\"gps\":{\"latitude\":0.0,\"longitude\":0.0},\"timestamp\":\"2024-03-16T19:47:17.566Z\"}}","url":"https://errors.pydantic.dev/2.4/v/model_attributes_type"},{"type":"model_attributes_type","loc":["body",3],"msg":"Input should be a valid dictionary or object to extract fields from","input":"{\"road_state\":\"string\",\"agent_data\":{\"user_id\":0,\"accelerometer\":{\"x\":0.0,\"y\":0.0,\"z\":0.0},\"gps\":{\"latitude\":0.0,\"longitude\":0.0},\"timestamp\":\"2024-03-16T19:47:17.566Z\"}}","url":"https://errors.pydantic.dev/2.4/v/model_attributes_type"},{"type":"model_attributes_type","loc":["body",4],"msg":"Input should be a valid dictionary or object to extract fields from","input":"{\"road_state\":\"string\",\"agent_data\":{\"user_id\":0,\"accelerometer\":{\"x\":0.0,\"y\":0.0,\"z\":0.0},\"gps\":{\"latitude\":0.0,\"longitude\":0.0},\"timestamp\":\"2024-03-16T19:47:17.566Z\"}}","url":"https://errors.pydantic.dev/2.4/v/model_attributes_type"},{"type":"model_attributes_type","loc":["body",5],"msg":"Input should be a valid dictionary or object to extract fields from","input":"{\"road_state\":\"string\",\"agent_data\":{\"user_id\":0,\"accelerometer\":{\"x\":0.0,\"y\":0.0,\"z\":0.0},\"gps\":{\"latitude\":0.0,\"longitude\":0.0},\"timestamp\":\"2024-03-16T19:47:17.566Z\"}}","url":"https://errors.pydantic.dev/2.4/v/model_attributes_type"},{"type":"model_attributes_type","loc":["body",6],"msg":"Input should be a valid dictionary or object to extract fields from","input":"{\"road_state\":\"string\",\"agent_data\":{\"user_id\":0,\"accelerometer\":{\"x\":0.0,\"y\":0.0,\"z\":0.0},\"gps\":{\"latitude\":0.0,\"longitude\":0.0},\"timestamp\":\"2024-03-16T19:47:17.566Z\"}}","url":"https://errors.pydantic.dev/2.4/v/model_attributes_type"},{"type":"model_attributes_type","loc":["body",7],"msg":"Input should be a valid dictionary or object to extract fields from","input":"{\"road_state\":\"string\",\"agent_data\":{\"user_id\":0,\"accelerometer\":{\"x\":0.0,\"y\":0.0,\"z\":0.0},\"gps\":{\"latitude\":0.0,\"longitude\":0.0},\"timestamp\":\"2024-03-16T19:47:17.566Z\"}}","url":"https://errors.pydantic.dev/2.4/v/model_attributes_type"},{"type":"model_attributes_type","loc":["body",8],"msg":"Input should be a valid dictionary or object to extract fields from","input":"{\"road_state\":\"string\",\"agent_data\":{\"user_id\":0,\"accelerometer\":{\"x\":0.0,\"y\":0.0,\"z\":0.0},\"gps\":{\"latitude\":0.0,\"longitude\":0.0},\"timestamp\":\"2024-03-16T19:47:17.566Z\"}}","url":"https://errors.pydantic.dev/2.4/v/model_attributes_type"},{"type":"model_attributes_type","loc":["body",9],"msg":"Input should be a valid dictionary or object to extract fields from","input":"{\"road_state\":\"string\",\"agent_data\":{\"user_id\":0,\"accelerometer\":{\"x\":0.0,\"y\":0.0,\"z\":0.0},\"gps\":{\"latitude\":0.0,\"longitude\":0.0},\"timestamp\":\"2024-03-16T19:47:17.566Z\"}}","url":"https://errors.pydantic.dev/2.4/v/model_attributes_type"},{"type":"model_attributes_type","loc":["body",10],"msg":"Input should be a valid dictionary or object to extract fields from","input":"{\"road_state\":\"string\",\"agent_data\":{\"user_id\":0,\"accelerometer\":{\"x\":0.0,\"y\":0.0,\"z\":0.0},\"gps\":{\"latitude\":0.0,\"longitude\":0.0},\"timestamp\":\"2024-03-16T19:47:17.566Z\"}}","url":"https://errors.pydantic.dev/2.4/v/model_attributes_type"},{"type":"model_attributes_type","loc":["body",11],"msg":"Input should be a valid dictionary or object to extract fields from","input":"{\"road_state\":\"string\",\"agent_data\":{\"user_id\":0,\"accelerometer\":{\"x\":0.0,\"y\":0.0,\"z\":0.0},\"gps\":{\"latitude\":0.0,\"longitude\":0.0},\"timestamp\":\"2024-03-16T19:47:17.566Z\"}}","url":"https://errors.pydantic.dev/2.4/v/model_attributes_type"},{"type":"model_attributes_type","loc":["body",12],"msg":"Input should be a valid dictionary or object to extract fields from","input":"{\"road_state\":\"string\",\"agent_data\":{\"user_id\":0,\"accelerometer\":{\"x\":0.0,\"y\":0.0,\"z\":0.0},\"gps\":{\"latitude\":0.0,\"longitude\":0.0},\"timestamp\":\"2024-03-16T19:47:17.566Z\"}}","url":"https://errors.pydantic.dev/2.4/v/model_attributes_type"},{"type":"model_attributes_type","loc":["body",13],"msg":"Input should be a valid dictionary or object to extract fields from","input":"{\"road_state\":\"string\",\"agent_data\":{\"user_id\":0,\"accelerometer\":{\"x\":0.0,\"y\":0.0,\"z\":0.0},\"gps\":{\"latitude\":0.0,\"longitude\":0.0},\"timestamp\":\"2024-03-16T19:47:17.566Z\"}}","url":"https://errors.pydantic.dev/2.4/v/model_attributes_type"},{"type":"model_attributes_type","loc":["body",14],"msg":"Input should be a valid dictionary or object to extract fields from","input":"{\"road_state\":\"string\",\"agent_data\":{\"user_id\":0,\"accelerometer\":{\"x\":0.0,\"y\":0.0,\"z\":0.0},\"gps\":{\"latitude\":0.0,\"longitude\":0.0},\"timestamp\":\"2024-03-16T19:47:17.566Z\"}}","url":"https://errors.pydantic.dev/2.4/v/model_attributes_type"},{"type":"model_attributes_type","loc":["body",15],"msg":"Input should be a valid dictionary or object to extract fields from","input":"{\"road_state\":\"string\",\"agent_data\":{\"user_id\":0,\"accelerometer\":{\"x\":0.0,\"y\":0.0,\"z\":0.0},\"gps\":{\"latitude\":0.0,\"longitude\":0.0},\"timestamp\":\"2024-03-16T19:47:17.566Z\"}}","url":"https://errors.pydantic.dev/2.4/v/model_attributes_type"},{"type":"model_attributes_type","loc":["body",16],"msg":"Input should be a valid dictionary or object to extract fields from","input":"{\"road_state\":\"string\",\"agent_data\":{\"user_id\":0,\"accelerometer\":{\"x\":0.0,\"y\":0.0,\"z\":0.0},\"gps\":{\"latitude\":0.0,\"longitude\":0.0},\"timestamp\":\"2024-03-16T19:47:17.566Z\"}}","url":"https://errors.pydantic.dev/2.4/v/model_attributes_type"},{"type":"model_attributes_type","loc":["body",17],"msg":"Input should be a valid dictionary or object to extract fields from","input":"{\"road_state\":\"string\",\"agent_data\":{\"user_id\":0,\"accelerometer\":{\"x\":0.0,\"y\":0.0,\"z\":0.0},\"gps\":{\"latitude\":0.0,\"longitude\":0.0},\"timestamp\":\"2024-03-16T19:47:17.566Z\"}}","url":"https://errors.pydantic.dev/2.4/v/model_attributes_type"},{"type":"model_attributes_type","loc":["body",18],"msg":"Input should be a valid dictionary or object to extract fields from","input":"{\"road_state\":\"string\",\"agent_data\":{\"user_id\":0,\"accelerometer\":{\"x\":0.0,\"y\":0.0,\"z\":0.0},\"gps\":{\"latitude\":0.0,\"longitude\":0.0},\"timestamp\":\"2024-03-16T19:47:17.566Z\"}}","url":"https://errors.pydantic.dev/2.4/v/model_attributes_type"},{"type":"model_attributes_type","loc":["body",19],"msg":"Input should be a valid dictionary or object to extract fields from","input":"{\"road_state\":\"string\",\"agent_data\":{\"user_id\":0,\"accelerometer\":{\"x\":0.0,\"y\":0.0,\"z\":0.0},\"gps\":{\"latitude\":0.0,\"longitude\":0.0},\"timestamp\":\"2024-03-16T19:47:17.566Z\"}}","url":"https://errors.pydantic.dev/2.4/v/model_attributes_type"}]}
[2024-03-16 21:57:23,950] [INFO] [main] Connected to MQTT broker
[2024-03-16 21:57:49,837] [ERROR] [store_api_adapter] An error occurred while saving data: Object of type datetime is not JSON serializable
Traceback (most recent call last):
  File "E:\Development\ies-labs\project_template\hub\app\adapters\store_api_adapter.py", line 30, in save_data
    response = requests.post(url, json=data, headers=headers)
               ^^^^^^^^^^^^^^^^^^^^^^^^^^^^^^^^^^^^^^^^^^^^^^
  File "E:\Development\ies-labs\project_template\hub\venv\Lib\site-packages\requests\api.py", line 115, in post
    return request("post", url, data=data, json=json, **kwargs)
           ^^^^^^^^^^^^^^^^^^^^^^^^^^^^^^^^^^^^^^^^^^^^^^^^^^^^
  File "E:\Development\ies-labs\project_template\hub\venv\Lib\site-packages\requests\api.py", line 59, in request
    return session.request(method=method, url=url, **kwargs)
           ^^^^^^^^^^^^^^^^^^^^^^^^^^^^^^^^^^^^^^^^^^^^^^^^^
  File "E:\Development\ies-labs\project_template\hub\venv\Lib\site-packages\requests\sessions.py", line 575, in request
    prep = self.prepare_request(req)
           ^^^^^^^^^^^^^^^^^^^^^^^^^
  File "E:\Development\ies-labs\project_template\hub\venv\Lib\site-packages\requests\sessions.py", line 486, in prepare_request
    p.prepare(
  File "E:\Development\ies-labs\project_template\hub\venv\Lib\site-packages\requests\models.py", line 371, in prepare
    self.prepare_body(data, files, json)
  File "E:\Development\ies-labs\project_template\hub\venv\Lib\site-packages\requests\models.py", line 511, in prepare_body
    body = complexjson.dumps(json, allow_nan=False)
           ^^^^^^^^^^^^^^^^^^^^^^^^^^^^^^^^^^^^^^^^
  File "C:\Users\Stanislav\AppData\Local\Programs\Python\Python312\Lib\json\__init__.py", line 238, in dumps
    **kw).encode(obj)
          ^^^^^^^^^^^
  File "C:\Users\Stanislav\AppData\Local\Programs\Python\Python312\Lib\json\encoder.py", line 200, in encode
    chunks = self.iterencode(o, _one_shot=True)
             ^^^^^^^^^^^^^^^^^^^^^^^^^^^^^^^^^^
  File "C:\Users\Stanislav\AppData\Local\Programs\Python\Python312\Lib\json\encoder.py", line 258, in iterencode
    return _iterencode(o, 0)
           ^^^^^^^^^^^^^^^^^
  File "C:\Users\Stanislav\AppData\Local\Programs\Python\Python312\Lib\json\encoder.py", line 180, in default
    raise TypeError(f'Object of type {o.__class__.__name__} '
TypeError: Object of type datetime is not JSON serializable
[2024-03-16 22:01:17,005] [INFO] [main] Connected to MQTT broker
[2024-03-16 22:05:05,437] [INFO] [main] Connected to MQTT broker
[2024-03-16 22:05:38,237] [ERROR] [store_api_adapter] An error occurred while saving data: Object of type datetime is not JSON serializable
Traceback (most recent call last):
  File "E:\Development\ies-labs\project_template\hub\app\adapters\store_api_adapter.py", line 30, in save_data
    response = requests.post(url, json=data, headers=headers)
               ^^^^^^^^^^^^^^^^^^^^^^^^^^^^^^^^^^^^^^^^^^^^^^
  File "E:\Development\ies-labs\project_template\hub\venv\Lib\site-packages\requests\api.py", line 115, in post
    return request("post", url, data=data, json=json, **kwargs)
           ^^^^^^^^^^^^^^^^^^^^^^^^^^^^^^^^^^^^^^^^^^^^^^^^^^^^
  File "E:\Development\ies-labs\project_template\hub\venv\Lib\site-packages\requests\api.py", line 59, in request
    return session.request(method=method, url=url, **kwargs)
           ^^^^^^^^^^^^^^^^^^^^^^^^^^^^^^^^^^^^^^^^^^^^^^^^^
  File "E:\Development\ies-labs\project_template\hub\venv\Lib\site-packages\requests\sessions.py", line 575, in request
    prep = self.prepare_request(req)
           ^^^^^^^^^^^^^^^^^^^^^^^^^
  File "E:\Development\ies-labs\project_template\hub\venv\Lib\site-packages\requests\sessions.py", line 486, in prepare_request
    p.prepare(
  File "E:\Development\ies-labs\project_template\hub\venv\Lib\site-packages\requests\models.py", line 371, in prepare
    self.prepare_body(data, files, json)
  File "E:\Development\ies-labs\project_template\hub\venv\Lib\site-packages\requests\models.py", line 511, in prepare_body
    body = complexjson.dumps(json, allow_nan=False)
           ^^^^^^^^^^^^^^^^^^^^^^^^^^^^^^^^^^^^^^^^
  File "C:\Users\Stanislav\AppData\Local\Programs\Python\Python312\Lib\json\__init__.py", line 238, in dumps
    **kw).encode(obj)
          ^^^^^^^^^^^
  File "C:\Users\Stanislav\AppData\Local\Programs\Python\Python312\Lib\json\encoder.py", line 200, in encode
    chunks = self.iterencode(o, _one_shot=True)
             ^^^^^^^^^^^^^^^^^^^^^^^^^^^^^^^^^^
  File "C:\Users\Stanislav\AppData\Local\Programs\Python\Python312\Lib\json\encoder.py", line 258, in iterencode
    return _iterencode(o, 0)
           ^^^^^^^^^^^^^^^^^
  File "C:\Users\Stanislav\AppData\Local\Programs\Python\Python312\Lib\json\encoder.py", line 180, in default
    raise TypeError(f'Object of type {o.__class__.__name__} '
TypeError: Object of type datetime is not JSON serializable
[2024-03-16 22:05:58,069] [INFO] [main] Connected to MQTT broker
[2024-03-16 22:06:33,958] [ERROR] [store_api_adapter] An error occurred while saving data: Object of type datetime is not JSON serializable
Traceback (most recent call last):
  File "E:\Development\ies-labs\project_template\hub\app\adapters\store_api_adapter.py", line 32, in save_data
    response = requests.post(url, json=data, headers=headers)
               ^^^^^^^^^^^^^^^^^^^^^^^^^^^^^^^^^^^^^^^^^^^^^^
  File "E:\Development\ies-labs\project_template\hub\venv\Lib\site-packages\requests\api.py", line 115, in post
    return request("post", url, data=data, json=json, **kwargs)
           ^^^^^^^^^^^^^^^^^^^^^^^^^^^^^^^^^^^^^^^^^^^^^^^^^^^^
  File "E:\Development\ies-labs\project_template\hub\venv\Lib\site-packages\requests\api.py", line 59, in request
    return session.request(method=method, url=url, **kwargs)
           ^^^^^^^^^^^^^^^^^^^^^^^^^^^^^^^^^^^^^^^^^^^^^^^^^
  File "E:\Development\ies-labs\project_template\hub\venv\Lib\site-packages\requests\sessions.py", line 575, in request
    prep = self.prepare_request(req)
           ^^^^^^^^^^^^^^^^^^^^^^^^^
  File "E:\Development\ies-labs\project_template\hub\venv\Lib\site-packages\requests\sessions.py", line 486, in prepare_request
    p.prepare(
  File "E:\Development\ies-labs\project_template\hub\venv\Lib\site-packages\requests\models.py", line 371, in prepare
    self.prepare_body(data, files, json)
  File "E:\Development\ies-labs\project_template\hub\venv\Lib\site-packages\requests\models.py", line 511, in prepare_body
    body = complexjson.dumps(json, allow_nan=False)
           ^^^^^^^^^^^^^^^^^^^^^^^^^^^^^^^^^^^^^^^^
  File "C:\Users\Stanislav\AppData\Local\Programs\Python\Python312\Lib\json\__init__.py", line 238, in dumps
    **kw).encode(obj)
          ^^^^^^^^^^^
  File "C:\Users\Stanislav\AppData\Local\Programs\Python\Python312\Lib\json\encoder.py", line 200, in encode
    chunks = self.iterencode(o, _one_shot=True)
             ^^^^^^^^^^^^^^^^^^^^^^^^^^^^^^^^^^
  File "C:\Users\Stanislav\AppData\Local\Programs\Python\Python312\Lib\json\encoder.py", line 258, in iterencode
    return _iterencode(o, 0)
           ^^^^^^^^^^^^^^^^^
  File "C:\Users\Stanislav\AppData\Local\Programs\Python\Python312\Lib\json\encoder.py", line 180, in default
    raise TypeError(f'Object of type {o.__class__.__name__} '
TypeError: Object of type datetime is not JSON serializable
[2024-03-16 22:07:23,767] [INFO] [main] Connected to MQTT broker
[2024-03-16 22:08:35,598] [INFO] [main] Connected to MQTT broker
[2024-03-16 22:08:54,427] [ERROR] [store_api_adapter] Failed to save data. Status code: 422, Reason: {"detail":[{"type":"list_type","loc":["body"],"msg":"Input should be a valid list","input":"[{\"$defs\": {\"AccelerometerData\": {\"properties\": {\"x\": {\"title\": \"X\", \"type\": \"number\"}, \"y\": {\"title\": \"Y\", \"type\": \"number\"}, \"z\": {\"title\": \"Z\", \"type\": \"number\"}}, \"required\": [\"x\", \"y\", \"z\"], \"title\": \"AccelerometerData\", \"type\": \"object\"}, \"AgentData\": {\"properties\": {\"user_id\": {\"title\": \"User Id\", \"type\": \"integer\"}, \"accelerometer\": {\"$ref\": \"#/$defs/AccelerometerData\"}, \"gps\": {\"$ref\": \"#/$defs/GpsData\"}, \"timestamp\": {\"format\": \"date-time\", \"title\": \"Timestamp\", \"type\": \"string\"}}, \"required\": [\"user_id\", \"accelerometer\", \"gps\", \"timestamp\"], \"title\": \"AgentData\", \"type\": \"object\"}, \"GpsData\": {\"properties\": {\"latitude\": {\"title\": \"Latitude\", \"type\": \"number\"}, \"longitude\": {\"title\": \"Longitude\", \"type\": \"number\"}}, \"required\": [\"latitude\", \"longitude\"], \"title\": \"GpsData\", \"type\": \"object\"}}, \"properties\": {\"road_state\": {\"title\": \"Road State\", \"type\": \"string\"}, \"agent_data\": {\"$ref\": \"#/$defs/AgentData\"}}, \"required\": [\"road_state\", \"agent_data\"], \"title\": \"ProcessedAgentData\", \"type\": \"object\"}, {\"$defs\": {\"AccelerometerData\": {\"properties\": {\"x\": {\"title\": \"X\", \"type\": \"number\"}, \"y\": {\"title\": \"Y\", \"type\": \"number\"}, \"z\": {\"title\": \"Z\", \"type\": \"number\"}}, \"required\": [\"x\", \"y\", \"z\"], \"title\": \"AccelerometerData\", \"type\": \"object\"}, \"AgentData\": {\"properties\": {\"user_id\": {\"title\": \"User Id\", \"type\": \"integer\"}, \"accelerometer\": {\"$ref\": \"#/$defs/AccelerometerData\"}, \"gps\": {\"$ref\": \"#/$defs/GpsData\"}, \"timestamp\": {\"format\": \"date-time\", \"title\": \"Timestamp\", \"type\": \"string\"}}, \"required\": [\"user_id\", \"accelerometer\", \"gps\", \"timestamp\"], \"title\": \"AgentData\", \"type\": \"object\"}, \"GpsData\": {\"properties\": {\"latitude\": {\"title\": \"Latitude\", \"type\": \"number\"}, \"longitude\": {\"title\": \"Longitude\", \"type\": \"number\"}}, \"required\": [\"latitude\", \"longitude\"], \"title\": \"GpsData\", \"type\": \"object\"}}, \"properties\": {\"road_state\": {\"title\": \"Road State\", \"type\": \"string\"}, \"agent_data\": {\"$ref\": \"#/$defs/AgentData\"}}, \"required\": [\"road_state\", \"agent_data\"], \"title\": \"ProcessedAgentData\", \"type\": \"object\"}, {\"$defs\": {\"AccelerometerData\": {\"properties\": {\"x\": {\"title\": \"X\", \"type\": \"number\"}, \"y\": {\"title\": \"Y\", \"type\": \"number\"}, \"z\": {\"title\": \"Z\", \"type\": \"number\"}}, \"required\": [\"x\", \"y\", \"z\"], \"title\": \"AccelerometerData\", \"type\": \"object\"}, \"AgentData\": {\"properties\": {\"user_id\": {\"title\": \"User Id\", \"type\": \"integer\"}, \"accelerometer\": {\"$ref\": \"#/$defs/AccelerometerData\"}, \"gps\": {\"$ref\": \"#/$defs/GpsData\"}, \"timestamp\": {\"format\": \"date-time\", \"title\": \"Timestamp\", \"type\": \"string\"}}, \"required\": [\"user_id\", \"accelerometer\", \"gps\", \"timestamp\"], \"title\": \"AgentData\", \"type\": \"object\"}, \"GpsData\": {\"properties\": {\"latitude\": {\"title\": \"Latitude\", \"type\": \"number\"}, \"longitude\": {\"title\": \"Longitude\", \"type\": \"number\"}}, \"required\": [\"latitude\", \"longitude\"], \"title\": \"GpsData\", \"type\": \"object\"}}, \"properties\": {\"road_state\": {\"title\": \"Road State\", \"type\": \"string\"}, \"agent_data\": {\"$ref\": \"#/$defs/AgentData\"}}, \"required\": [\"road_state\", \"agent_data\"], \"title\": \"ProcessedAgentData\", \"type\": \"object\"}, {\"$defs\": {\"AccelerometerData\": {\"properties\": {\"x\": {\"title\": \"X\", \"type\": \"number\"}, \"y\": {\"title\": \"Y\", \"type\": \"number\"}, \"z\": {\"title\": \"Z\", \"type\": \"number\"}}, \"required\": [\"x\", \"y\", \"z\"], \"title\": \"AccelerometerData\", \"type\": \"object\"}, \"AgentData\": {\"properties\": {\"user_id\": {\"title\": \"User Id\", \"type\": \"integer\"}, \"accelerometer\": {\"$ref\": \"#/$defs/AccelerometerData\"}, \"gps\": {\"$ref\": \"#/$defs/GpsData\"}, \"timestamp\": {\"format\": \"date-time\", \"title\": \"Timestamp\", \"type\": \"string\"}}, \"required\": [\"user_id\", \"accelerometer\", \"gps\", \"timestamp\"], \"title\": \"AgentData\", \"type\": \"object\"}, \"GpsData\": {\"properties\": {\"latitude\": {\"title\": \"Latitude\", \"type\": \"number\"}, \"longitude\": {\"title\": \"Longitude\", \"type\": \"number\"}}, \"required\": [\"latitude\", \"longitude\"], \"title\": \"GpsData\", \"type\": \"object\"}}, \"properties\": {\"road_state\": {\"title\": \"Road State\", \"type\": \"string\"}, \"agent_data\": {\"$ref\": \"#/$defs/AgentData\"}}, \"required\": [\"road_state\", \"agent_data\"], \"title\": \"ProcessedAgentData\", \"type\": \"object\"}, {\"$defs\": {\"AccelerometerData\": {\"properties\": {\"x\": {\"title\": \"X\", \"type\": \"number\"}, \"y\": {\"title\": \"Y\", \"type\": \"number\"}, \"z\": {\"title\": \"Z\", \"type\": \"number\"}}, \"required\": [\"x\", \"y\", \"z\"], \"title\": \"AccelerometerData\", \"type\": \"object\"}, \"AgentData\": {\"properties\": {\"user_id\": {\"title\": \"User Id\", \"type\": \"integer\"}, \"accelerometer\": {\"$ref\": \"#/$defs/AccelerometerData\"}, \"gps\": {\"$ref\": \"#/$defs/GpsData\"}, \"timestamp\": {\"format\": \"date-time\", \"title\": \"Timestamp\", \"type\": \"string\"}}, \"required\": [\"user_id\", \"accelerometer\", \"gps\", \"timestamp\"], \"title\": \"AgentData\", \"type\": \"object\"}, \"GpsData\": {\"properties\": {\"latitude\": {\"title\": \"Latitude\", \"type\": \"number\"}, \"longitude\": {\"title\": \"Longitude\", \"type\": \"number\"}}, \"required\": [\"latitude\", \"longitude\"], \"title\": \"GpsData\", \"type\": \"object\"}}, \"properties\": {\"road_state\": {\"title\": \"Road State\", \"type\": \"string\"}, \"agent_data\": {\"$ref\": \"#/$defs/AgentData\"}}, \"required\": [\"road_state\", \"agent_data\"], \"title\": \"ProcessedAgentData\", \"type\": \"object\"}, {\"$defs\": {\"AccelerometerData\": {\"properties\": {\"x\": {\"title\": \"X\", \"type\": \"number\"}, \"y\": {\"title\": \"Y\", \"type\": \"number\"}, \"z\": {\"title\": \"Z\", \"type\": \"number\"}}, \"required\": [\"x\", \"y\", \"z\"], \"title\": \"AccelerometerData\", \"type\": \"object\"}, \"AgentData\": {\"properties\": {\"user_id\": {\"title\": \"User Id\", \"type\": \"integer\"}, \"accelerometer\": {\"$ref\": \"#/$defs/AccelerometerData\"}, \"gps\": {\"$ref\": \"#/$defs/GpsData\"}, \"timestamp\": {\"format\": \"date-time\", \"title\": \"Timestamp\", \"type\": \"string\"}}, \"required\": [\"user_id\", \"accelerometer\", \"gps\", \"timestamp\"], \"title\": \"AgentData\", \"type\": \"object\"}, \"GpsData\": {\"properties\": {\"latitude\": {\"title\": \"Latitude\", \"type\": \"number\"}, \"longitude\": {\"title\": \"Longitude\", \"type\": \"number\"}}, \"required\": [\"latitude\", \"longitude\"], \"title\": \"GpsData\", \"type\": \"object\"}}, \"properties\": {\"road_state\": {\"title\": \"Road State\", \"type\": \"string\"}, \"agent_data\": {\"$ref\": \"#/$defs/AgentData\"}}, \"required\": [\"road_state\", \"agent_data\"], \"title\": \"ProcessedAgentData\", \"type\": \"object\"}, {\"$defs\": {\"AccelerometerData\": {\"properties\": {\"x\": {\"title\": \"X\", \"type\": \"number\"}, \"y\": {\"title\": \"Y\", \"type\": \"number\"}, \"z\": {\"title\": \"Z\", \"type\": \"number\"}}, \"required\": [\"x\", \"y\", \"z\"], \"title\": \"AccelerometerData\", \"type\": \"object\"}, \"AgentData\": {\"properties\": {\"user_id\": {\"title\": \"User Id\", \"type\": \"integer\"}, \"accelerometer\": {\"$ref\": \"#/$defs/AccelerometerData\"}, \"gps\": {\"$ref\": \"#/$defs/GpsData\"}, \"timestamp\": {\"format\": \"date-time\", \"title\": \"Timestamp\", \"type\": \"string\"}}, \"required\": [\"user_id\", \"accelerometer\", \"gps\", \"timestamp\"], \"title\": \"AgentData\", \"type\": \"object\"}, \"GpsData\": {\"properties\": {\"latitude\": {\"title\": \"Latitude\", \"type\": \"number\"}, \"longitude\": {\"title\": \"Longitude\", \"type\": \"number\"}}, \"required\": [\"latitude\", \"longitude\"], \"title\": \"GpsData\", \"type\": \"object\"}}, \"properties\": {\"road_state\": {\"title\": \"Road State\", \"type\": \"string\"}, \"agent_data\": {\"$ref\": \"#/$defs/AgentData\"}}, \"required\": [\"road_state\", \"agent_data\"], \"title\": \"ProcessedAgentData\", \"type\": \"object\"}, {\"$defs\": {\"AccelerometerData\": {\"properties\": {\"x\": {\"title\": \"X\", \"type\": \"number\"}, \"y\": {\"title\": \"Y\", \"type\": \"number\"}, \"z\": {\"title\": \"Z\", \"type\": \"number\"}}, \"required\": [\"x\", \"y\", \"z\"], \"title\": \"AccelerometerData\", \"type\": \"object\"}, \"AgentData\": {\"properties\": {\"user_id\": {\"title\": \"User Id\", \"type\": \"integer\"}, \"accelerometer\": {\"$ref\": \"#/$defs/AccelerometerData\"}, \"gps\": {\"$ref\": \"#/$defs/GpsData\"}, \"timestamp\": {\"format\": \"date-time\", \"title\": \"Timestamp\", \"type\": \"string\"}}, \"required\": [\"user_id\", \"accelerometer\", \"gps\", \"timestamp\"], \"title\": \"AgentData\", \"type\": \"object\"}, \"GpsData\": {\"properties\": {\"latitude\": {\"title\": \"Latitude\", \"type\": \"number\"}, \"longitude\": {\"title\": \"Longitude\", \"type\": \"number\"}}, \"required\": [\"latitude\", \"longitude\"], \"title\": \"GpsData\", \"type\": \"object\"}}, \"properties\": {\"road_state\": {\"title\": \"Road State\", \"type\": \"string\"}, \"agent_data\": {\"$ref\": \"#/$defs/AgentData\"}}, \"required\": [\"road_state\", \"agent_data\"], \"title\": \"ProcessedAgentData\", \"type\": \"object\"}, {\"$defs\": {\"AccelerometerData\": {\"properties\": {\"x\": {\"title\": \"X\", \"type\": \"number\"}, \"y\": {\"title\": \"Y\", \"type\": \"number\"}, \"z\": {\"title\": \"Z\", \"type\": \"number\"}}, \"required\": [\"x\", \"y\", \"z\"], \"title\": \"AccelerometerData\", \"type\": \"object\"}, \"AgentData\": {\"properties\": {\"user_id\": {\"title\": \"User Id\", \"type\": \"integer\"}, \"accelerometer\": {\"$ref\": \"#/$defs/AccelerometerData\"}, \"gps\": {\"$ref\": \"#/$defs/GpsData\"}, \"timestamp\": {\"format\": \"date-time\", \"title\": \"Timestamp\", \"type\": \"string\"}}, \"required\": [\"user_id\", \"accelerometer\", \"gps\", \"timestamp\"], \"title\": \"AgentData\", \"type\": \"object\"}, \"GpsData\": {\"properties\": {\"latitude\": {\"title\": \"Latitude\", \"type\": \"number\"}, \"longitude\": {\"title\": \"Longitude\", \"type\": \"number\"}}, \"required\": [\"latitude\", \"longitude\"], \"title\": \"GpsData\", \"type\": \"object\"}}, \"properties\": {\"road_state\": {\"title\": \"Road State\", \"type\": \"string\"}, \"agent_data\": {\"$ref\": \"#/$defs/AgentData\"}}, \"required\": [\"road_state\", \"agent_data\"], \"title\": \"ProcessedAgentData\", \"type\": \"object\"}, {\"$defs\": {\"AccelerometerData\": {\"properties\": {\"x\": {\"title\": \"X\", \"type\": \"number\"}, \"y\": {\"title\": \"Y\", \"type\": \"number\"}, \"z\": {\"title\": \"Z\", \"type\": \"number\"}}, \"required\": [\"x\", \"y\", \"z\"], \"title\": \"AccelerometerData\", \"type\": \"object\"}, \"AgentData\": {\"properties\": {\"user_id\": {\"title\": \"User Id\", \"type\": \"integer\"}, \"accelerometer\": {\"$ref\": \"#/$defs/AccelerometerData\"}, \"gps\": {\"$ref\": \"#/$defs/GpsData\"}, \"timestamp\": {\"format\": \"date-time\", \"title\": \"Timestamp\", \"type\": \"string\"}}, \"required\": [\"user_id\", \"accelerometer\", \"gps\", \"timestamp\"], \"title\": \"AgentData\", \"type\": \"object\"}, \"GpsData\": {\"properties\": {\"latitude\": {\"title\": \"Latitude\", \"type\": \"number\"}, \"longitude\": {\"title\": \"Longitude\", \"type\": \"number\"}}, \"required\": [\"latitude\", \"longitude\"], \"title\": \"GpsData\", \"type\": \"object\"}}, \"properties\": {\"road_state\": {\"title\": \"Road State\", \"type\": \"string\"}, \"agent_data\": {\"$ref\": \"#/$defs/AgentData\"}}, \"required\": [\"road_state\", \"agent_data\"], \"title\": \"ProcessedAgentData\", \"type\": \"object\"}, {\"$defs\": {\"AccelerometerData\": {\"properties\": {\"x\": {\"title\": \"X\", \"type\": \"number\"}, \"y\": {\"title\": \"Y\", \"type\": \"number\"}, \"z\": {\"title\": \"Z\", \"type\": \"number\"}}, \"required\": [\"x\", \"y\", \"z\"], \"title\": \"AccelerometerData\", \"type\": \"object\"}, \"AgentData\": {\"properties\": {\"user_id\": {\"title\": \"User Id\", \"type\": \"integer\"}, \"accelerometer\": {\"$ref\": \"#/$defs/AccelerometerData\"}, \"gps\": {\"$ref\": \"#/$defs/GpsData\"}, \"timestamp\": {\"format\": \"date-time\", \"title\": \"Timestamp\", \"type\": \"string\"}}, \"required\": [\"user_id\", \"accelerometer\", \"gps\", \"timestamp\"], \"title\": \"AgentData\", \"type\": \"object\"}, \"GpsData\": {\"properties\": {\"latitude\": {\"title\": \"Latitude\", \"type\": \"number\"}, \"longitude\": {\"title\": \"Longitude\", \"type\": \"number\"}}, \"required\": [\"latitude\", \"longitude\"], \"title\": \"GpsData\", \"type\": \"object\"}}, \"properties\": {\"road_state\": {\"title\": \"Road State\", \"type\": \"string\"}, \"agent_data\": {\"$ref\": \"#/$defs/AgentData\"}}, \"required\": [\"road_state\", \"agent_data\"], \"title\": \"ProcessedAgentData\", \"type\": \"object\"}, {\"$defs\": {\"AccelerometerData\": {\"properties\": {\"x\": {\"title\": \"X\", \"type\": \"number\"}, \"y\": {\"title\": \"Y\", \"type\": \"number\"}, \"z\": {\"title\": \"Z\", \"type\": \"number\"}}, \"required\": [\"x\", \"y\", \"z\"], \"title\": \"AccelerometerData\", \"type\": \"object\"}, \"AgentData\": {\"properties\": {\"user_id\": {\"title\": \"User Id\", \"type\": \"integer\"}, \"accelerometer\": {\"$ref\": \"#/$defs/AccelerometerData\"}, \"gps\": {\"$ref\": \"#/$defs/GpsData\"}, \"timestamp\": {\"format\": \"date-time\", \"title\": \"Timestamp\", \"type\": \"string\"}}, \"required\": [\"user_id\", \"accelerometer\", \"gps\", \"timestamp\"], \"title\": \"AgentData\", \"type\": \"object\"}, \"GpsData\": {\"properties\": {\"latitude\": {\"title\": \"Latitude\", \"type\": \"number\"}, \"longitude\": {\"title\": \"Longitude\", \"type\": \"number\"}}, \"required\": [\"latitude\", \"longitude\"], \"title\": \"GpsData\", \"type\": \"object\"}}, \"properties\": {\"road_state\": {\"title\": \"Road State\", \"type\": \"string\"}, \"agent_data\": {\"$ref\": \"#/$defs/AgentData\"}}, \"required\": [\"road_state\", \"agent_data\"], \"title\": \"ProcessedAgentData\", \"type\": \"object\"}, {\"$defs\": {\"AccelerometerData\": {\"properties\": {\"x\": {\"title\": \"X\", \"type\": \"number\"}, \"y\": {\"title\": \"Y\", \"type\": \"number\"}, \"z\": {\"title\": \"Z\", \"type\": \"number\"}}, \"required\": [\"x\", \"y\", \"z\"], \"title\": \"AccelerometerData\", \"type\": \"object\"}, \"AgentData\": {\"properties\": {\"user_id\": {\"title\": \"User Id\", \"type\": \"integer\"}, \"accelerometer\": {\"$ref\": \"#/$defs/AccelerometerData\"}, \"gps\": {\"$ref\": \"#/$defs/GpsData\"}, \"timestamp\": {\"format\": \"date-time\", \"title\": \"Timestamp\", \"type\": \"string\"}}, \"required\": [\"user_id\", \"accelerometer\", \"gps\", \"timestamp\"], \"title\": \"AgentData\", \"type\": \"object\"}, \"GpsData\": {\"properties\": {\"latitude\": {\"title\": \"Latitude\", \"type\": \"number\"}, \"longitude\": {\"title\": \"Longitude\", \"type\": \"number\"}}, \"required\": [\"latitude\", \"longitude\"], \"title\": \"GpsData\", \"type\": \"object\"}}, \"properties\": {\"road_state\": {\"title\": \"Road State\", \"type\": \"string\"}, \"agent_data\": {\"$ref\": \"#/$defs/AgentData\"}}, \"required\": [\"road_state\", \"agent_data\"], \"title\": \"ProcessedAgentData\", \"type\": \"object\"}, {\"$defs\": {\"AccelerometerData\": {\"properties\": {\"x\": {\"title\": \"X\", \"type\": \"number\"}, \"y\": {\"title\": \"Y\", \"type\": \"number\"}, \"z\": {\"title\": \"Z\", \"type\": \"number\"}}, \"required\": [\"x\", \"y\", \"z\"], \"title\": \"AccelerometerData\", \"type\": \"object\"}, \"AgentData\": {\"properties\": {\"user_id\": {\"title\": \"User Id\", \"type\": \"integer\"}, \"accelerometer\": {\"$ref\": \"#/$defs/AccelerometerData\"}, \"gps\": {\"$ref\": \"#/$defs/GpsData\"}, \"timestamp\": {\"format\": \"date-time\", \"title\": \"Timestamp\", \"type\": \"string\"}}, \"required\": [\"user_id\", \"accelerometer\", \"gps\", \"timestamp\"], \"title\": \"AgentData\", \"type\": \"object\"}, \"GpsData\": {\"properties\": {\"latitude\": {\"title\": \"Latitude\", \"type\": \"number\"}, \"longitude\": {\"title\": \"Longitude\", \"type\": \"number\"}}, \"required\": [\"latitude\", \"longitude\"], \"title\": \"GpsData\", \"type\": \"object\"}}, \"properties\": {\"road_state\": {\"title\": \"Road State\", \"type\": \"string\"}, \"agent_data\": {\"$ref\": \"#/$defs/AgentData\"}}, \"required\": [\"road_state\", \"agent_data\"], \"title\": \"ProcessedAgentData\", \"type\": \"object\"}, {\"$defs\": {\"AccelerometerData\": {\"properties\": {\"x\": {\"title\": \"X\", \"type\": \"number\"}, \"y\": {\"title\": \"Y\", \"type\": \"number\"}, \"z\": {\"title\": \"Z\", \"type\": \"number\"}}, \"required\": [\"x\", \"y\", \"z\"], \"title\": \"AccelerometerData\", \"type\": \"object\"}, \"AgentData\": {\"properties\": {\"user_id\": {\"title\": \"User Id\", \"type\": \"integer\"}, \"accelerometer\": {\"$ref\": \"#/$defs/AccelerometerData\"}, \"gps\": {\"$ref\": \"#/$defs/GpsData\"}, \"timestamp\": {\"format\": \"date-time\", \"title\": \"Timestamp\", \"type\": \"string\"}}, \"required\": [\"user_id\", \"accelerometer\", \"gps\", \"timestamp\"], \"title\": \"AgentData\", \"type\": \"object\"}, \"GpsData\": {\"properties\": {\"latitude\": {\"title\": \"Latitude\", \"type\": \"number\"}, \"longitude\": {\"title\": \"Longitude\", \"type\": \"number\"}}, \"required\": [\"latitude\", \"longitude\"], \"title\": \"GpsData\", \"type\": \"object\"}}, \"properties\": {\"road_state\": {\"title\": \"Road State\", \"type\": \"string\"}, \"agent_data\": {\"$ref\": \"#/$defs/AgentData\"}}, \"required\": [\"road_state\", \"agent_data\"], \"title\": \"ProcessedAgentData\", \"type\": \"object\"}, {\"$defs\": {\"AccelerometerData\": {\"properties\": {\"x\": {\"title\": \"X\", \"type\": \"number\"}, \"y\": {\"title\": \"Y\", \"type\": \"number\"}, \"z\": {\"title\": \"Z\", \"type\": \"number\"}}, \"required\": [\"x\", \"y\", \"z\"], \"title\": \"AccelerometerData\", \"type\": \"object\"}, \"AgentData\": {\"properties\": {\"user_id\": {\"title\": \"User Id\", \"type\": \"integer\"}, \"accelerometer\": {\"$ref\": \"#/$defs/AccelerometerData\"}, \"gps\": {\"$ref\": \"#/$defs/GpsData\"}, \"timestamp\": {\"format\": \"date-time\", \"title\": \"Timestamp\", \"type\": \"string\"}}, \"required\": [\"user_id\", \"accelerometer\", \"gps\", \"timestamp\"], \"title\": \"AgentData\", \"type\": \"object\"}, \"GpsData\": {\"properties\": {\"latitude\": {\"title\": \"Latitude\", \"type\": \"number\"}, \"longitude\": {\"title\": \"Longitude\", \"type\": \"number\"}}, \"required\": [\"latitude\", \"longitude\"], \"title\": \"GpsData\", \"type\": \"object\"}}, \"properties\": {\"road_state\": {\"title\": \"Road State\", \"type\": \"string\"}, \"agent_data\": {\"$ref\": \"#/$defs/AgentData\"}}, \"required\": [\"road_state\", \"agent_data\"], \"title\": \"ProcessedAgentData\", \"type\": \"object\"}, {\"$defs\": {\"AccelerometerData\": {\"properties\": {\"x\": {\"title\": \"X\", \"type\": \"number\"}, \"y\": {\"title\": \"Y\", \"type\": \"number\"}, \"z\": {\"title\": \"Z\", \"type\": \"number\"}}, \"required\": [\"x\", \"y\", \"z\"], \"title\": \"AccelerometerData\", \"type\": \"object\"}, \"AgentData\": {\"properties\": {\"user_id\": {\"title\": \"User Id\", \"type\": \"integer\"}, \"accelerometer\": {\"$ref\": \"#/$defs/AccelerometerData\"}, \"gps\": {\"$ref\": \"#/$defs/GpsData\"}, \"timestamp\": {\"format\": \"date-time\", \"title\": \"Timestamp\", \"type\": \"string\"}}, \"required\": [\"user_id\", \"accelerometer\", \"gps\", \"timestamp\"], \"title\": \"AgentData\", \"type\": \"object\"}, \"GpsData\": {\"properties\": {\"latitude\": {\"title\": \"Latitude\", \"type\": \"number\"}, \"longitude\": {\"title\": \"Longitude\", \"type\": \"number\"}}, \"required\": [\"latitude\", \"longitude\"], \"title\": \"GpsData\", \"type\": \"object\"}}, \"properties\": {\"road_state\": {\"title\": \"Road State\", \"type\": \"string\"}, \"agent_data\": {\"$ref\": \"#/$defs/AgentData\"}}, \"required\": [\"road_state\", \"agent_data\"], \"title\": \"ProcessedAgentData\", \"type\": \"object\"}, {\"$defs\": {\"AccelerometerData\": {\"properties\": {\"x\": {\"title\": \"X\", \"type\": \"number\"}, \"y\": {\"title\": \"Y\", \"type\": \"number\"}, \"z\": {\"title\": \"Z\", \"type\": \"number\"}}, \"required\": [\"x\", \"y\", \"z\"], \"title\": \"AccelerometerData\", \"type\": \"object\"}, \"AgentData\": {\"properties\": {\"user_id\": {\"title\": \"User Id\", \"type\": \"integer\"}, \"accelerometer\": {\"$ref\": \"#/$defs/AccelerometerData\"}, \"gps\": {\"$ref\": \"#/$defs/GpsData\"}, \"timestamp\": {\"format\": \"date-time\", \"title\": \"Timestamp\", \"type\": \"string\"}}, \"required\": [\"user_id\", \"accelerometer\", \"gps\", \"timestamp\"], \"title\": \"AgentData\", \"type\": \"object\"}, \"GpsData\": {\"properties\": {\"latitude\": {\"title\": \"Latitude\", \"type\": \"number\"}, \"longitude\": {\"title\": \"Longitude\", \"type\": \"number\"}}, \"required\": [\"latitude\", \"longitude\"], \"title\": \"GpsData\", \"type\": \"object\"}}, \"properties\": {\"road_state\": {\"title\": \"Road State\", \"type\": \"string\"}, \"agent_data\": {\"$ref\": \"#/$defs/AgentData\"}}, \"required\": [\"road_state\", \"agent_data\"], \"title\": \"ProcessedAgentData\", \"type\": \"object\"}, {\"$defs\": {\"AccelerometerData\": {\"properties\": {\"x\": {\"title\": \"X\", \"type\": \"number\"}, \"y\": {\"title\": \"Y\", \"type\": \"number\"}, \"z\": {\"title\": \"Z\", \"type\": \"number\"}}, \"required\": [\"x\", \"y\", \"z\"], \"title\": \"AccelerometerData\", \"type\": \"object\"}, \"AgentData\": {\"properties\": {\"user_id\": {\"title\": \"User Id\", \"type\": \"integer\"}, \"accelerometer\": {\"$ref\": \"#/$defs/AccelerometerData\"}, \"gps\": {\"$ref\": \"#/$defs/GpsData\"}, \"timestamp\": {\"format\": \"date-time\", \"title\": \"Timestamp\", \"type\": \"string\"}}, \"required\": [\"user_id\", \"accelerometer\", \"gps\", \"timestamp\"], \"title\": \"AgentData\", \"type\": \"object\"}, \"GpsData\": {\"properties\": {\"latitude\": {\"title\": \"Latitude\", \"type\": \"number\"}, \"longitude\": {\"title\": \"Longitude\", \"type\": \"number\"}}, \"required\": [\"latitude\", \"longitude\"], \"title\": \"GpsData\", \"type\": \"object\"}}, \"properties\": {\"road_state\": {\"title\": \"Road State\", \"type\": \"string\"}, \"agent_data\": {\"$ref\": \"#/$defs/AgentData\"}}, \"required\": [\"road_state\", \"agent_data\"], \"title\": \"ProcessedAgentData\", \"type\": \"object\"}, {\"$defs\": {\"AccelerometerData\": {\"properties\": {\"x\": {\"title\": \"X\", \"type\": \"number\"}, \"y\": {\"title\": \"Y\", \"type\": \"number\"}, \"z\": {\"title\": \"Z\", \"type\": \"number\"}}, \"required\": [\"x\", \"y\", \"z\"], \"title\": \"AccelerometerData\", \"type\": \"object\"}, \"AgentData\": {\"properties\": {\"user_id\": {\"title\": \"User Id\", \"type\": \"integer\"}, \"accelerometer\": {\"$ref\": \"#/$defs/AccelerometerData\"}, \"gps\": {\"$ref\": \"#/$defs/GpsData\"}, \"timestamp\": {\"format\": \"date-time\", \"title\": \"Timestamp\", \"type\": \"string\"}}, \"required\": [\"user_id\", \"accelerometer\", \"gps\", \"timestamp\"], \"title\": \"AgentData\", \"type\": \"object\"}, \"GpsData\": {\"properties\": {\"latitude\": {\"title\": \"Latitude\", \"type\": \"number\"}, \"longitude\": {\"title\": \"Longitude\", \"type\": \"number\"}}, \"required\": [\"latitude\", \"longitude\"], \"title\": \"GpsData\", \"type\": \"object\"}}, \"properties\": {\"road_state\": {\"title\": \"Road State\", \"type\": \"string\"}, \"agent_data\": {\"$ref\": \"#/$defs/AgentData\"}}, \"required\": [\"road_state\", \"agent_data\"], \"title\": \"ProcessedAgentData\", \"type\": \"object\"}]","url":"https://errors.pydantic.dev/2.4/v/list_type"}]}
[2024-03-16 22:13:44,657] [INFO] [main] Connected to MQTT broker
[2024-03-16 22:14:19,772] [INFO] [main] Connected to MQTT broker
[2024-03-16 22:15:15,696] [INFO] [main] Connected to MQTT broker
[2024-03-16 22:15:49,004] [INFO] [main] Connected to MQTT broker
[2024-03-16 22:16:02,211] [INFO] [main] Connected to MQTT broker
[2024-03-16 22:17:14,519] [INFO] [main] Connected to MQTT broker
[2024-03-16 22:17:19,735] [ERROR] [store_api_adapter] Failed to save data. Status code: 422, Reason: {"detail":[{"type":"model_attributes_type","loc":["body",0],"msg":"Input should be a valid dictionary or object to extract fields from","input":"{\"road_state\":\"string\",\"agent_data\":{\"user_id\":0,\"accelerometer\":{\"x\":0.0,\"y\":0.0,\"z\":0.0},\"gps\":{\"latitude\":0.0,\"longitude\":0.0},\"timestamp\":\"2024-03-16T19:47:17.566Z\"}}","url":"https://errors.pydantic.dev/2.4/v/model_attributes_type"},{"type":"model_attributes_type","loc":["body",1],"msg":"Input should be a valid dictionary or object to extract fields from","input":"{\"road_state\":\"string\",\"agent_data\":{\"user_id\":0,\"accelerometer\":{\"x\":0.0,\"y\":0.0,\"z\":0.0},\"gps\":{\"latitude\":0.0,\"longitude\":0.0},\"timestamp\":\"2024-03-16T19:47:17.566Z\"}}","url":"https://errors.pydantic.dev/2.4/v/model_attributes_type"},{"type":"model_attributes_type","loc":["body",2],"msg":"Input should be a valid dictionary or object to extract fields from","input":"{\"road_state\":\"string\",\"agent_data\":{\"user_id\":0,\"accelerometer\":{\"x\":0.0,\"y\":0.0,\"z\":0.0},\"gps\":{\"latitude\":0.0,\"longitude\":0.0},\"timestamp\":\"2024-03-16T19:47:17.566Z\"}}","url":"https://errors.pydantic.dev/2.4/v/model_attributes_type"},{"type":"model_attributes_type","loc":["body",3],"msg":"Input should be a valid dictionary or object to extract fields from","input":"{\"road_state\":\"string\",\"agent_data\":{\"user_id\":0,\"accelerometer\":{\"x\":0.0,\"y\":0.0,\"z\":0.0},\"gps\":{\"latitude\":0.0,\"longitude\":0.0},\"timestamp\":\"2024-03-16T19:47:17.566Z\"}}","url":"https://errors.pydantic.dev/2.4/v/model_attributes_type"},{"type":"model_attributes_type","loc":["body",4],"msg":"Input should be a valid dictionary or object to extract fields from","input":"{\"road_state\":\"string\",\"agent_data\":{\"user_id\":0,\"accelerometer\":{\"x\":0.0,\"y\":0.0,\"z\":0.0},\"gps\":{\"latitude\":0.0,\"longitude\":0.0},\"timestamp\":\"2024-03-16T19:47:17.566Z\"}}","url":"https://errors.pydantic.dev/2.4/v/model_attributes_type"},{"type":"model_attributes_type","loc":["body",5],"msg":"Input should be a valid dictionary or object to extract fields from","input":"{\"road_state\":\"string\",\"agent_data\":{\"user_id\":0,\"accelerometer\":{\"x\":0.0,\"y\":0.0,\"z\":0.0},\"gps\":{\"latitude\":0.0,\"longitude\":0.0},\"timestamp\":\"2024-03-16T19:47:17.566Z\"}}","url":"https://errors.pydantic.dev/2.4/v/model_attributes_type"},{"type":"model_attributes_type","loc":["body",6],"msg":"Input should be a valid dictionary or object to extract fields from","input":"{\"road_state\":\"string\",\"agent_data\":{\"user_id\":0,\"accelerometer\":{\"x\":0.0,\"y\":0.0,\"z\":0.0},\"gps\":{\"latitude\":0.0,\"longitude\":0.0},\"timestamp\":\"2024-03-16T19:47:17.566Z\"}}","url":"https://errors.pydantic.dev/2.4/v/model_attributes_type"},{"type":"model_attributes_type","loc":["body",7],"msg":"Input should be a valid dictionary or object to extract fields from","input":"{\"road_state\":\"string\",\"agent_data\":{\"user_id\":0,\"accelerometer\":{\"x\":0.0,\"y\":0.0,\"z\":0.0},\"gps\":{\"latitude\":0.0,\"longitude\":0.0},\"timestamp\":\"2024-03-16T19:47:17.566Z\"}}","url":"https://errors.pydantic.dev/2.4/v/model_attributes_type"},{"type":"model_attributes_type","loc":["body",8],"msg":"Input should be a valid dictionary or object to extract fields from","input":"{\"road_state\":\"string\",\"agent_data\":{\"user_id\":0,\"accelerometer\":{\"x\":0.0,\"y\":0.0,\"z\":0.0},\"gps\":{\"latitude\":0.0,\"longitude\":0.0},\"timestamp\":\"2024-03-16T19:47:17.566Z\"}}","url":"https://errors.pydantic.dev/2.4/v/model_attributes_type"},{"type":"model_attributes_type","loc":["body",9],"msg":"Input should be a valid dictionary or object to extract fields from","input":"{\"road_state\":\"string\",\"agent_data\":{\"user_id\":0,\"accelerometer\":{\"x\":0.0,\"y\":0.0,\"z\":0.0},\"gps\":{\"latitude\":0.0,\"longitude\":0.0},\"timestamp\":\"2024-03-16T19:47:17.566Z\"}}","url":"https://errors.pydantic.dev/2.4/v/model_attributes_type"},{"type":"model_attributes_type","loc":["body",10],"msg":"Input should be a valid dictionary or object to extract fields from","input":"{\"road_state\":\"string\",\"agent_data\":{\"user_id\":0,\"accelerometer\":{\"x\":0.0,\"y\":0.0,\"z\":0.0},\"gps\":{\"latitude\":0.0,\"longitude\":0.0},\"timestamp\":\"2024-03-16T19:47:17.566Z\"}}","url":"https://errors.pydantic.dev/2.4/v/model_attributes_type"},{"type":"model_attributes_type","loc":["body",11],"msg":"Input should be a valid dictionary or object to extract fields from","input":"{\"road_state\":\"string\",\"agent_data\":{\"user_id\":0,\"accelerometer\":{\"x\":0.0,\"y\":0.0,\"z\":0.0},\"gps\":{\"latitude\":0.0,\"longitude\":0.0},\"timestamp\":\"2024-03-16T19:47:17.566Z\"}}","url":"https://errors.pydantic.dev/2.4/v/model_attributes_type"},{"type":"model_attributes_type","loc":["body",12],"msg":"Input should be a valid dictionary or object to extract fields from","input":"{\"road_state\":\"string\",\"agent_data\":{\"user_id\":0,\"accelerometer\":{\"x\":0.0,\"y\":0.0,\"z\":0.0},\"gps\":{\"latitude\":0.0,\"longitude\":0.0},\"timestamp\":\"2024-03-16T19:47:17.566Z\"}}","url":"https://errors.pydantic.dev/2.4/v/model_attributes_type"},{"type":"model_attributes_type","loc":["body",13],"msg":"Input should be a valid dictionary or object to extract fields from","input":"{\"road_state\":\"string\",\"agent_data\":{\"user_id\":0,\"accelerometer\":{\"x\":0.0,\"y\":0.0,\"z\":0.0},\"gps\":{\"latitude\":0.0,\"longitude\":0.0},\"timestamp\":\"2024-03-16T19:47:17.566Z\"}}","url":"https://errors.pydantic.dev/2.4/v/model_attributes_type"},{"type":"model_attributes_type","loc":["body",14],"msg":"Input should be a valid dictionary or object to extract fields from","input":"{\"road_state\":\"string\",\"agent_data\":{\"user_id\":0,\"accelerometer\":{\"x\":0.0,\"y\":0.0,\"z\":0.0},\"gps\":{\"latitude\":0.0,\"longitude\":0.0},\"timestamp\":\"2024-03-16T19:47:17.566Z\"}}","url":"https://errors.pydantic.dev/2.4/v/model_attributes_type"},{"type":"model_attributes_type","loc":["body",15],"msg":"Input should be a valid dictionary or object to extract fields from","input":"{\"road_state\":\"string\",\"agent_data\":{\"user_id\":0,\"accelerometer\":{\"x\":0.0,\"y\":0.0,\"z\":0.0},\"gps\":{\"latitude\":0.0,\"longitude\":0.0},\"timestamp\":\"2024-03-16T19:47:17.566Z\"}}","url":"https://errors.pydantic.dev/2.4/v/model_attributes_type"},{"type":"model_attributes_type","loc":["body",16],"msg":"Input should be a valid dictionary or object to extract fields from","input":"{\"road_state\":\"string\",\"agent_data\":{\"user_id\":0,\"accelerometer\":{\"x\":0.0,\"y\":0.0,\"z\":0.0},\"gps\":{\"latitude\":0.0,\"longitude\":0.0},\"timestamp\":\"2024-03-16T19:47:17.566Z\"}}","url":"https://errors.pydantic.dev/2.4/v/model_attributes_type"},{"type":"model_attributes_type","loc":["body",17],"msg":"Input should be a valid dictionary or object to extract fields from","input":"{\"road_state\":\"string\",\"agent_data\":{\"user_id\":0,\"accelerometer\":{\"x\":0.0,\"y\":0.0,\"z\":0.0},\"gps\":{\"latitude\":0.0,\"longitude\":0.0},\"timestamp\":\"2024-03-16T19:47:17.566Z\"}}","url":"https://errors.pydantic.dev/2.4/v/model_attributes_type"},{"type":"model_attributes_type","loc":["body",18],"msg":"Input should be a valid dictionary or object to extract fields from","input":"{\"road_state\":\"string\",\"agent_data\":{\"user_id\":0,\"accelerometer\":{\"x\":0.0,\"y\":0.0,\"z\":0.0},\"gps\":{\"latitude\":0.0,\"longitude\":0.0},\"timestamp\":\"2024-03-16T19:47:17.566Z\"}}","url":"https://errors.pydantic.dev/2.4/v/model_attributes_type"},{"type":"model_attributes_type","loc":["body",19],"msg":"Input should be a valid dictionary or object to extract fields from","input":"{\"road_state\":\"string\",\"agent_data\":{\"user_id\":0,\"accelerometer\":{\"x\":0.0,\"y\":0.0,\"z\":0.0},\"gps\":{\"latitude\":0.0,\"longitude\":0.0},\"timestamp\":\"2024-03-16T19:47:17.566Z\"}}","url":"https://errors.pydantic.dev/2.4/v/model_attributes_type"}]}
[2024-03-16 22:20:36,952] [INFO] [main] Connected to MQTT broker
[2024-03-16 22:20:52,582] [ERROR] [store_api_adapter] Failed to save data. Status code: 422, Reason: {"detail":[{"type":"model_attributes_type","loc":["body",0],"msg":"Input should be a valid dictionary or object to extract fields from","input":"{\"road_state\":\"string\",\"agent_data\":{\"user_id\":0,\"accelerometer\":{\"x\":0.0,\"y\":0.0,\"z\":0.0},\"gps\":{\"latitude\":0.0,\"longitude\":0.0},\"timestamp\":\"2024-03-16T19:47:17.566Z\"}}","url":"https://errors.pydantic.dev/2.4/v/model_attributes_type"},{"type":"model_attributes_type","loc":["body",1],"msg":"Input should be a valid dictionary or object to extract fields from","input":"{\"road_state\":\"string\",\"agent_data\":{\"user_id\":0,\"accelerometer\":{\"x\":0.0,\"y\":0.0,\"z\":0.0},\"gps\":{\"latitude\":0.0,\"longitude\":0.0},\"timestamp\":\"2024-03-16T19:47:17.566Z\"}}","url":"https://errors.pydantic.dev/2.4/v/model_attributes_type"},{"type":"model_attributes_type","loc":["body",2],"msg":"Input should be a valid dictionary or object to extract fields from","input":"{\"road_state\":\"string\",\"agent_data\":{\"user_id\":0,\"accelerometer\":{\"x\":0.0,\"y\":0.0,\"z\":0.0},\"gps\":{\"latitude\":0.0,\"longitude\":0.0},\"timestamp\":\"2024-03-16T19:47:17.566Z\"}}","url":"https://errors.pydantic.dev/2.4/v/model_attributes_type"},{"type":"model_attributes_type","loc":["body",3],"msg":"Input should be a valid dictionary or object to extract fields from","input":"{\"road_state\":\"string\",\"agent_data\":{\"user_id\":0,\"accelerometer\":{\"x\":0.0,\"y\":0.0,\"z\":0.0},\"gps\":{\"latitude\":0.0,\"longitude\":0.0},\"timestamp\":\"2024-03-16T19:47:17.566Z\"}}","url":"https://errors.pydantic.dev/2.4/v/model_attributes_type"},{"type":"model_attributes_type","loc":["body",4],"msg":"Input should be a valid dictionary or object to extract fields from","input":"{\"road_state\":\"string\",\"agent_data\":{\"user_id\":0,\"accelerometer\":{\"x\":0.0,\"y\":0.0,\"z\":0.0},\"gps\":{\"latitude\":0.0,\"longitude\":0.0},\"timestamp\":\"2024-03-16T19:47:17.566Z\"}}","url":"https://errors.pydantic.dev/2.4/v/model_attributes_type"},{"type":"model_attributes_type","loc":["body",5],"msg":"Input should be a valid dictionary or object to extract fields from","input":"{\"road_state\":\"string\",\"agent_data\":{\"user_id\":0,\"accelerometer\":{\"x\":0.0,\"y\":0.0,\"z\":0.0},\"gps\":{\"latitude\":0.0,\"longitude\":0.0},\"timestamp\":\"2024-03-16T19:47:17.566Z\"}}","url":"https://errors.pydantic.dev/2.4/v/model_attributes_type"},{"type":"model_attributes_type","loc":["body",6],"msg":"Input should be a valid dictionary or object to extract fields from","input":"{\"road_state\":\"string\",\"agent_data\":{\"user_id\":0,\"accelerometer\":{\"x\":0.0,\"y\":0.0,\"z\":0.0},\"gps\":{\"latitude\":0.0,\"longitude\":0.0},\"timestamp\":\"2024-03-16T19:47:17.566Z\"}}","url":"https://errors.pydantic.dev/2.4/v/model_attributes_type"},{"type":"model_attributes_type","loc":["body",7],"msg":"Input should be a valid dictionary or object to extract fields from","input":"{\"road_state\":\"string\",\"agent_data\":{\"user_id\":0,\"accelerometer\":{\"x\":0.0,\"y\":0.0,\"z\":0.0},\"gps\":{\"latitude\":0.0,\"longitude\":0.0},\"timestamp\":\"2024-03-16T19:47:17.566Z\"}}","url":"https://errors.pydantic.dev/2.4/v/model_attributes_type"},{"type":"model_attributes_type","loc":["body",8],"msg":"Input should be a valid dictionary or object to extract fields from","input":"{\"road_state\":\"string\",\"agent_data\":{\"user_id\":0,\"accelerometer\":{\"x\":0.0,\"y\":0.0,\"z\":0.0},\"gps\":{\"latitude\":0.0,\"longitude\":0.0},\"timestamp\":\"2024-03-16T19:47:17.566Z\"}}","url":"https://errors.pydantic.dev/2.4/v/model_attributes_type"},{"type":"model_attributes_type","loc":["body",9],"msg":"Input should be a valid dictionary or object to extract fields from","input":"{\"road_state\":\"string\",\"agent_data\":{\"user_id\":0,\"accelerometer\":{\"x\":0.0,\"y\":0.0,\"z\":0.0},\"gps\":{\"latitude\":0.0,\"longitude\":0.0},\"timestamp\":\"2024-03-16T19:47:17.566Z\"}}","url":"https://errors.pydantic.dev/2.4/v/model_attributes_type"},{"type":"model_attributes_type","loc":["body",10],"msg":"Input should be a valid dictionary or object to extract fields from","input":"{\"road_state\":\"string\",\"agent_data\":{\"user_id\":0,\"accelerometer\":{\"x\":0.0,\"y\":0.0,\"z\":0.0},\"gps\":{\"latitude\":0.0,\"longitude\":0.0},\"timestamp\":\"2024-03-16T19:47:17.566Z\"}}","url":"https://errors.pydantic.dev/2.4/v/model_attributes_type"},{"type":"model_attributes_type","loc":["body",11],"msg":"Input should be a valid dictionary or object to extract fields from","input":"{\"road_state\":\"string\",\"agent_data\":{\"user_id\":0,\"accelerometer\":{\"x\":0.0,\"y\":0.0,\"z\":0.0},\"gps\":{\"latitude\":0.0,\"longitude\":0.0},\"timestamp\":\"2024-03-16T19:47:17.566Z\"}}","url":"https://errors.pydantic.dev/2.4/v/model_attributes_type"},{"type":"model_attributes_type","loc":["body",12],"msg":"Input should be a valid dictionary or object to extract fields from","input":"{\"road_state\":\"string\",\"agent_data\":{\"user_id\":0,\"accelerometer\":{\"x\":0.0,\"y\":0.0,\"z\":0.0},\"gps\":{\"latitude\":0.0,\"longitude\":0.0},\"timestamp\":\"2024-03-16T19:47:17.566Z\"}}","url":"https://errors.pydantic.dev/2.4/v/model_attributes_type"},{"type":"model_attributes_type","loc":["body",13],"msg":"Input should be a valid dictionary or object to extract fields from","input":"{\"road_state\":\"string\",\"agent_data\":{\"user_id\":0,\"accelerometer\":{\"x\":0.0,\"y\":0.0,\"z\":0.0},\"gps\":{\"latitude\":0.0,\"longitude\":0.0},\"timestamp\":\"2024-03-16T19:47:17.566Z\"}}","url":"https://errors.pydantic.dev/2.4/v/model_attributes_type"},{"type":"model_attributes_type","loc":["body",14],"msg":"Input should be a valid dictionary or object to extract fields from","input":"{\"road_state\":\"string\",\"agent_data\":{\"user_id\":0,\"accelerometer\":{\"x\":0.0,\"y\":0.0,\"z\":0.0},\"gps\":{\"latitude\":0.0,\"longitude\":0.0},\"timestamp\":\"2024-03-16T19:47:17.566Z\"}}","url":"https://errors.pydantic.dev/2.4/v/model_attributes_type"},{"type":"model_attributes_type","loc":["body",15],"msg":"Input should be a valid dictionary or object to extract fields from","input":"{\"road_state\":\"string\",\"agent_data\":{\"user_id\":0,\"accelerometer\":{\"x\":0.0,\"y\":0.0,\"z\":0.0},\"gps\":{\"latitude\":0.0,\"longitude\":0.0},\"timestamp\":\"2024-03-16T19:47:17.566Z\"}}","url":"https://errors.pydantic.dev/2.4/v/model_attributes_type"},{"type":"model_attributes_type","loc":["body",16],"msg":"Input should be a valid dictionary or object to extract fields from","input":"{\"road_state\":\"string\",\"agent_data\":{\"user_id\":0,\"accelerometer\":{\"x\":0.0,\"y\":0.0,\"z\":0.0},\"gps\":{\"latitude\":0.0,\"longitude\":0.0},\"timestamp\":\"2024-03-16T19:47:17.566Z\"}}","url":"https://errors.pydantic.dev/2.4/v/model_attributes_type"},{"type":"model_attributes_type","loc":["body",17],"msg":"Input should be a valid dictionary or object to extract fields from","input":"{\"road_state\":\"string\",\"agent_data\":{\"user_id\":0,\"accelerometer\":{\"x\":0.0,\"y\":0.0,\"z\":0.0},\"gps\":{\"latitude\":0.0,\"longitude\":0.0},\"timestamp\":\"2024-03-16T19:47:17.566Z\"}}","url":"https://errors.pydantic.dev/2.4/v/model_attributes_type"},{"type":"model_attributes_type","loc":["body",18],"msg":"Input should be a valid dictionary or object to extract fields from","input":"{\"road_state\":\"string\",\"agent_data\":{\"user_id\":0,\"accelerometer\":{\"x\":0.0,\"y\":0.0,\"z\":0.0},\"gps\":{\"latitude\":0.0,\"longitude\":0.0},\"timestamp\":\"2024-03-16T19:47:17.566Z\"}}","url":"https://errors.pydantic.dev/2.4/v/model_attributes_type"},{"type":"model_attributes_type","loc":["body",19],"msg":"Input should be a valid dictionary or object to extract fields from","input":"{\"road_state\":\"string\",\"agent_data\":{\"user_id\":0,\"accelerometer\":{\"x\":0.0,\"y\":0.0,\"z\":0.0},\"gps\":{\"latitude\":0.0,\"longitude\":0.0},\"timestamp\":\"2024-03-16T19:47:17.566Z\"}}","url":"https://errors.pydantic.dev/2.4/v/model_attributes_type"}]}
[2024-03-16 22:22:33,400] [INFO] [main] Connected to MQTT broker
[2024-03-16 22:22:39,345] [ERROR] [store_api_adapter] Failed to save data. Status code: 422, Reason: {"detail":[{"type":"json_invalid","loc":["body",0],"msg":"JSON decode error","input":{},"ctx":{"error":"Expecting value"}}]}
[2024-03-16 22:23:17,120] [ERROR] [store_api_adapter] Failed to save data. Status code: 422, Reason: {"detail":[{"type":"json_invalid","loc":["body",0],"msg":"JSON decode error","input":{},"ctx":{"error":"Expecting value"}}]}
[2024-03-16 22:23:25,476] [INFO] [main] Connected to MQTT broker
[2024-03-16 22:23:35,625] [ERROR] [store_api_adapter] Failed to save data. Status code: 422, Reason: {"detail":[{"type":"model_attributes_type","loc":["body",0],"msg":"Input should be a valid dictionary or object to extract fields from","input":"{\"road_state\":\"string\",\"agent_data\":{\"user_id\":0,\"accelerometer\":{\"x\":0.0,\"y\":0.0,\"z\":0.0},\"gps\":{\"latitude\":0.0,\"longitude\":0.0},\"timestamp\":\"2024-03-16T19:47:17.566Z\"}}","url":"https://errors.pydantic.dev/2.4/v/model_attributes_type"},{"type":"model_attributes_type","loc":["body",1],"msg":"Input should be a valid dictionary or object to extract fields from","input":"{\"road_state\":\"string\",\"agent_data\":{\"user_id\":0,\"accelerometer\":{\"x\":0.0,\"y\":0.0,\"z\":0.0},\"gps\":{\"latitude\":0.0,\"longitude\":0.0},\"timestamp\":\"2024-03-16T19:47:17.566Z\"}}","url":"https://errors.pydantic.dev/2.4/v/model_attributes_type"},{"type":"model_attributes_type","loc":["body",2],"msg":"Input should be a valid dictionary or object to extract fields from","input":"{\"road_state\":\"string\",\"agent_data\":{\"user_id\":0,\"accelerometer\":{\"x\":0.0,\"y\":0.0,\"z\":0.0},\"gps\":{\"latitude\":0.0,\"longitude\":0.0},\"timestamp\":\"2024-03-16T19:47:17.566Z\"}}","url":"https://errors.pydantic.dev/2.4/v/model_attributes_type"},{"type":"model_attributes_type","loc":["body",3],"msg":"Input should be a valid dictionary or object to extract fields from","input":"{\"road_state\":\"string\",\"agent_data\":{\"user_id\":0,\"accelerometer\":{\"x\":0.0,\"y\":0.0,\"z\":0.0},\"gps\":{\"latitude\":0.0,\"longitude\":0.0},\"timestamp\":\"2024-03-16T19:47:17.566Z\"}}","url":"https://errors.pydantic.dev/2.4/v/model_attributes_type"},{"type":"model_attributes_type","loc":["body",4],"msg":"Input should be a valid dictionary or object to extract fields from","input":"{\"road_state\":\"string\",\"agent_data\":{\"user_id\":0,\"accelerometer\":{\"x\":0.0,\"y\":0.0,\"z\":0.0},\"gps\":{\"latitude\":0.0,\"longitude\":0.0},\"timestamp\":\"2024-03-16T19:47:17.566Z\"}}","url":"https://errors.pydantic.dev/2.4/v/model_attributes_type"},{"type":"model_attributes_type","loc":["body",5],"msg":"Input should be a valid dictionary or object to extract fields from","input":"{\"road_state\":\"string\",\"agent_data\":{\"user_id\":0,\"accelerometer\":{\"x\":0.0,\"y\":0.0,\"z\":0.0},\"gps\":{\"latitude\":0.0,\"longitude\":0.0},\"timestamp\":\"2024-03-16T19:47:17.566Z\"}}","url":"https://errors.pydantic.dev/2.4/v/model_attributes_type"},{"type":"model_attributes_type","loc":["body",6],"msg":"Input should be a valid dictionary or object to extract fields from","input":"{\"road_state\":\"string\",\"agent_data\":{\"user_id\":0,\"accelerometer\":{\"x\":0.0,\"y\":0.0,\"z\":0.0},\"gps\":{\"latitude\":0.0,\"longitude\":0.0},\"timestamp\":\"2024-03-16T19:47:17.566Z\"}}","url":"https://errors.pydantic.dev/2.4/v/model_attributes_type"},{"type":"model_attributes_type","loc":["body",7],"msg":"Input should be a valid dictionary or object to extract fields from","input":"{\"road_state\":\"string\",\"agent_data\":{\"user_id\":0,\"accelerometer\":{\"x\":0.0,\"y\":0.0,\"z\":0.0},\"gps\":{\"latitude\":0.0,\"longitude\":0.0},\"timestamp\":\"2024-03-16T19:47:17.566Z\"}}","url":"https://errors.pydantic.dev/2.4/v/model_attributes_type"},{"type":"model_attributes_type","loc":["body",8],"msg":"Input should be a valid dictionary or object to extract fields from","input":"{\"road_state\":\"string\",\"agent_data\":{\"user_id\":0,\"accelerometer\":{\"x\":0.0,\"y\":0.0,\"z\":0.0},\"gps\":{\"latitude\":0.0,\"longitude\":0.0},\"timestamp\":\"2024-03-16T19:47:17.566Z\"}}","url":"https://errors.pydantic.dev/2.4/v/model_attributes_type"},{"type":"model_attributes_type","loc":["body",9],"msg":"Input should be a valid dictionary or object to extract fields from","input":"{\"road_state\":\"string\",\"agent_data\":{\"user_id\":0,\"accelerometer\":{\"x\":0.0,\"y\":0.0,\"z\":0.0},\"gps\":{\"latitude\":0.0,\"longitude\":0.0},\"timestamp\":\"2024-03-16T19:47:17.566Z\"}}","url":"https://errors.pydantic.dev/2.4/v/model_attributes_type"},{"type":"model_attributes_type","loc":["body",10],"msg":"Input should be a valid dictionary or object to extract fields from","input":"{\"road_state\":\"string\",\"agent_data\":{\"user_id\":0,\"accelerometer\":{\"x\":0.0,\"y\":0.0,\"z\":0.0},\"gps\":{\"latitude\":0.0,\"longitude\":0.0},\"timestamp\":\"2024-03-16T19:47:17.566Z\"}}","url":"https://errors.pydantic.dev/2.4/v/model_attributes_type"},{"type":"model_attributes_type","loc":["body",11],"msg":"Input should be a valid dictionary or object to extract fields from","input":"{\"road_state\":\"string\",\"agent_data\":{\"user_id\":0,\"accelerometer\":{\"x\":0.0,\"y\":0.0,\"z\":0.0},\"gps\":{\"latitude\":0.0,\"longitude\":0.0},\"timestamp\":\"2024-03-16T19:47:17.566Z\"}}","url":"https://errors.pydantic.dev/2.4/v/model_attributes_type"},{"type":"model_attributes_type","loc":["body",12],"msg":"Input should be a valid dictionary or object to extract fields from","input":"{\"road_state\":\"string\",\"agent_data\":{\"user_id\":0,\"accelerometer\":{\"x\":0.0,\"y\":0.0,\"z\":0.0},\"gps\":{\"latitude\":0.0,\"longitude\":0.0},\"timestamp\":\"2024-03-16T19:47:17.566Z\"}}","url":"https://errors.pydantic.dev/2.4/v/model_attributes_type"},{"type":"model_attributes_type","loc":["body",13],"msg":"Input should be a valid dictionary or object to extract fields from","input":"{\"road_state\":\"string\",\"agent_data\":{\"user_id\":0,\"accelerometer\":{\"x\":0.0,\"y\":0.0,\"z\":0.0},\"gps\":{\"latitude\":0.0,\"longitude\":0.0},\"timestamp\":\"2024-03-16T19:47:17.566Z\"}}","url":"https://errors.pydantic.dev/2.4/v/model_attributes_type"},{"type":"model_attributes_type","loc":["body",14],"msg":"Input should be a valid dictionary or object to extract fields from","input":"{\"road_state\":\"string\",\"agent_data\":{\"user_id\":0,\"accelerometer\":{\"x\":0.0,\"y\":0.0,\"z\":0.0},\"gps\":{\"latitude\":0.0,\"longitude\":0.0},\"timestamp\":\"2024-03-16T19:47:17.566Z\"}}","url":"https://errors.pydantic.dev/2.4/v/model_attributes_type"},{"type":"model_attributes_type","loc":["body",15],"msg":"Input should be a valid dictionary or object to extract fields from","input":"{\"road_state\":\"string\",\"agent_data\":{\"user_id\":0,\"accelerometer\":{\"x\":0.0,\"y\":0.0,\"z\":0.0},\"gps\":{\"latitude\":0.0,\"longitude\":0.0},\"timestamp\":\"2024-03-16T19:47:17.566Z\"}}","url":"https://errors.pydantic.dev/2.4/v/model_attributes_type"},{"type":"model_attributes_type","loc":["body",16],"msg":"Input should be a valid dictionary or object to extract fields from","input":"{\"road_state\":\"string\",\"agent_data\":{\"user_id\":0,\"accelerometer\":{\"x\":0.0,\"y\":0.0,\"z\":0.0},\"gps\":{\"latitude\":0.0,\"longitude\":0.0},\"timestamp\":\"2024-03-16T19:47:17.566Z\"}}","url":"https://errors.pydantic.dev/2.4/v/model_attributes_type"},{"type":"model_attributes_type","loc":["body",17],"msg":"Input should be a valid dictionary or object to extract fields from","input":"{\"road_state\":\"string\",\"agent_data\":{\"user_id\":0,\"accelerometer\":{\"x\":0.0,\"y\":0.0,\"z\":0.0},\"gps\":{\"latitude\":0.0,\"longitude\":0.0},\"timestamp\":\"2024-03-16T19:47:17.566Z\"}}","url":"https://errors.pydantic.dev/2.4/v/model_attributes_type"},{"type":"model_attributes_type","loc":["body",18],"msg":"Input should be a valid dictionary or object to extract fields from","input":"{\"road_state\":\"string\",\"agent_data\":{\"user_id\":0,\"accelerometer\":{\"x\":0.0,\"y\":0.0,\"z\":0.0},\"gps\":{\"latitude\":0.0,\"longitude\":0.0},\"timestamp\":\"2024-03-16T19:47:17.566Z\"}}","url":"https://errors.pydantic.dev/2.4/v/model_attributes_type"},{"type":"model_attributes_type","loc":["body",19],"msg":"Input should be a valid dictionary or object to extract fields from","input":"{\"road_state\":\"string\",\"agent_data\":{\"user_id\":0,\"accelerometer\":{\"x\":0.0,\"y\":0.0,\"z\":0.0},\"gps\":{\"latitude\":0.0,\"longitude\":0.0},\"timestamp\":\"2024-03-16T19:47:17.566Z\"}}","url":"https://errors.pydantic.dev/2.4/v/model_attributes_type"}]}
[2024-03-16 22:25:07,530] [INFO] [main] Connected to MQTT broker
[2024-03-16 22:25:47,671] [INFO] [main] Connected to MQTT broker
[2024-03-16 22:26:09,736] [ERROR] [store_api_adapter] Failed to save data. Status code: 422, Reason: {"detail":[{"type":"model_attributes_type","loc":["body",0],"msg":"Input should be a valid dictionary or object to extract fields from","input":"{\"road_state\":\"string\",\"agent_data\":{\"user_id\":0,\"accelerometer\":{\"x\":0.0,\"y\":0.0,\"z\":0.0},\"gps\":{\"latitude\":0.0,\"longitude\":0.0},\"timestamp\":\"2024-03-16T20:25:59.902Z\"}}","url":"https://errors.pydantic.dev/2.4/v/model_attributes_type"},{"type":"model_attributes_type","loc":["body",1],"msg":"Input should be a valid dictionary or object to extract fields from","input":"{\"road_state\":\"string\",\"agent_data\":{\"user_id\":0,\"accelerometer\":{\"x\":0.0,\"y\":0.0,\"z\":0.0},\"gps\":{\"latitude\":0.0,\"longitude\":0.0},\"timestamp\":\"2024-03-16T20:25:59.902Z\"}}","url":"https://errors.pydantic.dev/2.4/v/model_attributes_type"},{"type":"model_attributes_type","loc":["body",2],"msg":"Input should be a valid dictionary or object to extract fields from","input":"{\"road_state\":\"string\",\"agent_data\":{\"user_id\":0,\"accelerometer\":{\"x\":0.0,\"y\":0.0,\"z\":0.0},\"gps\":{\"latitude\":0.0,\"longitude\":0.0},\"timestamp\":\"2024-03-16T20:25:59.902Z\"}}","url":"https://errors.pydantic.dev/2.4/v/model_attributes_type"},{"type":"model_attributes_type","loc":["body",3],"msg":"Input should be a valid dictionary or object to extract fields from","input":"{\"road_state\":\"string\",\"agent_data\":{\"user_id\":0,\"accelerometer\":{\"x\":0.0,\"y\":0.0,\"z\":0.0},\"gps\":{\"latitude\":0.0,\"longitude\":0.0},\"timestamp\":\"2024-03-16T20:25:59.902Z\"}}","url":"https://errors.pydantic.dev/2.4/v/model_attributes_type"},{"type":"model_attributes_type","loc":["body",4],"msg":"Input should be a valid dictionary or object to extract fields from","input":"{\"road_state\":\"string\",\"agent_data\":{\"user_id\":0,\"accelerometer\":{\"x\":0.0,\"y\":0.0,\"z\":0.0},\"gps\":{\"latitude\":0.0,\"longitude\":0.0},\"timestamp\":\"2024-03-16T20:25:59.902Z\"}}","url":"https://errors.pydantic.dev/2.4/v/model_attributes_type"},{"type":"model_attributes_type","loc":["body",5],"msg":"Input should be a valid dictionary or object to extract fields from","input":"{\"road_state\":\"string\",\"agent_data\":{\"user_id\":0,\"accelerometer\":{\"x\":0.0,\"y\":0.0,\"z\":0.0},\"gps\":{\"latitude\":0.0,\"longitude\":0.0},\"timestamp\":\"2024-03-16T20:25:59.902Z\"}}","url":"https://errors.pydantic.dev/2.4/v/model_attributes_type"},{"type":"model_attributes_type","loc":["body",6],"msg":"Input should be a valid dictionary or object to extract fields from","input":"{\"road_state\":\"string\",\"agent_data\":{\"user_id\":0,\"accelerometer\":{\"x\":0.0,\"y\":0.0,\"z\":0.0},\"gps\":{\"latitude\":0.0,\"longitude\":0.0},\"timestamp\":\"2024-03-16T20:25:59.902Z\"}}","url":"https://errors.pydantic.dev/2.4/v/model_attributes_type"},{"type":"model_attributes_type","loc":["body",7],"msg":"Input should be a valid dictionary or object to extract fields from","input":"{\"road_state\":\"string\",\"agent_data\":{\"user_id\":0,\"accelerometer\":{\"x\":0.0,\"y\":0.0,\"z\":0.0},\"gps\":{\"latitude\":0.0,\"longitude\":0.0},\"timestamp\":\"2024-03-16T20:25:59.902Z\"}}","url":"https://errors.pydantic.dev/2.4/v/model_attributes_type"},{"type":"model_attributes_type","loc":["body",8],"msg":"Input should be a valid dictionary or object to extract fields from","input":"{\"road_state\":\"string\",\"agent_data\":{\"user_id\":0,\"accelerometer\":{\"x\":0.0,\"y\":0.0,\"z\":0.0},\"gps\":{\"latitude\":0.0,\"longitude\":0.0},\"timestamp\":\"2024-03-16T20:25:59.902Z\"}}","url":"https://errors.pydantic.dev/2.4/v/model_attributes_type"},{"type":"model_attributes_type","loc":["body",9],"msg":"Input should be a valid dictionary or object to extract fields from","input":"{\"road_state\":\"string\",\"agent_data\":{\"user_id\":0,\"accelerometer\":{\"x\":0.0,\"y\":0.0,\"z\":0.0},\"gps\":{\"latitude\":0.0,\"longitude\":0.0},\"timestamp\":\"2024-03-16T20:25:59.902Z\"}}","url":"https://errors.pydantic.dev/2.4/v/model_attributes_type"},{"type":"model_attributes_type","loc":["body",10],"msg":"Input should be a valid dictionary or object to extract fields from","input":"{\"road_state\":\"string\",\"agent_data\":{\"user_id\":0,\"accelerometer\":{\"x\":0.0,\"y\":0.0,\"z\":0.0},\"gps\":{\"latitude\":0.0,\"longitude\":0.0},\"timestamp\":\"2024-03-16T20:25:59.902Z\"}}","url":"https://errors.pydantic.dev/2.4/v/model_attributes_type"},{"type":"model_attributes_type","loc":["body",11],"msg":"Input should be a valid dictionary or object to extract fields from","input":"{\"road_state\":\"string\",\"agent_data\":{\"user_id\":0,\"accelerometer\":{\"x\":0.0,\"y\":0.0,\"z\":0.0},\"gps\":{\"latitude\":0.0,\"longitude\":0.0},\"timestamp\":\"2024-03-16T20:25:59.902Z\"}}","url":"https://errors.pydantic.dev/2.4/v/model_attributes_type"},{"type":"model_attributes_type","loc":["body",12],"msg":"Input should be a valid dictionary or object to extract fields from","input":"{\"road_state\":\"string\",\"agent_data\":{\"user_id\":0,\"accelerometer\":{\"x\":0.0,\"y\":0.0,\"z\":0.0},\"gps\":{\"latitude\":0.0,\"longitude\":0.0},\"timestamp\":\"2024-03-16T20:25:59.902Z\"}}","url":"https://errors.pydantic.dev/2.4/v/model_attributes_type"},{"type":"model_attributes_type","loc":["body",13],"msg":"Input should be a valid dictionary or object to extract fields from","input":"{\"road_state\":\"string\",\"agent_data\":{\"user_id\":0,\"accelerometer\":{\"x\":0.0,\"y\":0.0,\"z\":0.0},\"gps\":{\"latitude\":0.0,\"longitude\":0.0},\"timestamp\":\"2024-03-16T20:25:59.902Z\"}}","url":"https://errors.pydantic.dev/2.4/v/model_attributes_type"},{"type":"model_attributes_type","loc":["body",14],"msg":"Input should be a valid dictionary or object to extract fields from","input":"{\"road_state\":\"string\",\"agent_data\":{\"user_id\":0,\"accelerometer\":{\"x\":0.0,\"y\":0.0,\"z\":0.0},\"gps\":{\"latitude\":0.0,\"longitude\":0.0},\"timestamp\":\"2024-03-16T20:25:59.902Z\"}}","url":"https://errors.pydantic.dev/2.4/v/model_attributes_type"},{"type":"model_attributes_type","loc":["body",15],"msg":"Input should be a valid dictionary or object to extract fields from","input":"{\"road_state\":\"string\",\"agent_data\":{\"user_id\":0,\"accelerometer\":{\"x\":0.0,\"y\":0.0,\"z\":0.0},\"gps\":{\"latitude\":0.0,\"longitude\":0.0},\"timestamp\":\"2024-03-16T20:25:59.902Z\"}}","url":"https://errors.pydantic.dev/2.4/v/model_attributes_type"},{"type":"model_attributes_type","loc":["body",16],"msg":"Input should be a valid dictionary or object to extract fields from","input":"{\"road_state\":\"string\",\"agent_data\":{\"user_id\":0,\"accelerometer\":{\"x\":0.0,\"y\":0.0,\"z\":0.0},\"gps\":{\"latitude\":0.0,\"longitude\":0.0},\"timestamp\":\"2024-03-16T20:25:59.902Z\"}}","url":"https://errors.pydantic.dev/2.4/v/model_attributes_type"},{"type":"model_attributes_type","loc":["body",17],"msg":"Input should be a valid dictionary or object to extract fields from","input":"{\"road_state\":\"string\",\"agent_data\":{\"user_id\":0,\"accelerometer\":{\"x\":0.0,\"y\":0.0,\"z\":0.0},\"gps\":{\"latitude\":0.0,\"longitude\":0.0},\"timestamp\":\"2024-03-16T20:25:59.902Z\"}}","url":"https://errors.pydantic.dev/2.4/v/model_attributes_type"},{"type":"model_attributes_type","loc":["body",18],"msg":"Input should be a valid dictionary or object to extract fields from","input":"{\"road_state\":\"string\",\"agent_data\":{\"user_id\":0,\"accelerometer\":{\"x\":0.0,\"y\":0.0,\"z\":0.0},\"gps\":{\"latitude\":0.0,\"longitude\":0.0},\"timestamp\":\"2024-03-16T20:25:59.902Z\"}}","url":"https://errors.pydantic.dev/2.4/v/model_attributes_type"},{"type":"model_attributes_type","loc":["body",19],"msg":"Input should be a valid dictionary or object to extract fields from","input":"{\"road_state\":\"string\",\"agent_data\":{\"user_id\":0,\"accelerometer\":{\"x\":0.0,\"y\":0.0,\"z\":0.0},\"gps\":{\"latitude\":0.0,\"longitude\":0.0},\"timestamp\":\"2024-03-16T19:47:17.566Z\"}}","url":"https://errors.pydantic.dev/2.4/v/model_attributes_type"}]}
[2024-03-16 22:28:03,911] [INFO] [main] Connected to MQTT broker
[2024-03-16 22:30:50,307] [INFO] [main] Error processing MQTT message: list index out of range
[2024-03-16 22:30:51,514] [INFO] [main] Error processing MQTT message: list index out of range
[2024-03-16 22:30:51,918] [INFO] [main] Error processing MQTT message: list index out of range
[2024-03-16 22:30:52,251] [INFO] [main] Error processing MQTT message: list index out of range
[2024-03-16 22:30:52,507] [INFO] [main] Error processing MQTT message: list index out of range
[2024-03-16 22:30:52,719] [INFO] [main] Error processing MQTT message: list index out of range
[2024-03-16 22:30:52,915] [INFO] [main] Error processing MQTT message: list index out of range
[2024-03-16 22:30:53,114] [INFO] [main] Error processing MQTT message: list index out of range
[2024-03-16 22:30:53,302] [INFO] [main] Error processing MQTT message: list index out of range
[2024-03-16 22:30:53,475] [INFO] [main] Error processing MQTT message: list index out of range
[2024-03-16 22:30:53,658] [INFO] [main] Error processing MQTT message: list index out of range
[2024-03-16 22:30:53,839] [INFO] [main] Error processing MQTT message: list index out of range
[2024-03-16 22:30:53,998] [INFO] [main] Error processing MQTT message: list index out of range
[2024-03-16 22:30:54,182] [INFO] [main] Error processing MQTT message: list index out of range
[2024-03-16 22:30:54,376] [INFO] [main] Error processing MQTT message: list index out of range
[2024-03-16 22:30:54,835] [INFO] [main] Error processing MQTT message: list index out of range
[2024-03-16 22:30:55,223] [INFO] [main] Error processing MQTT message: list index out of range
[2024-03-16 22:30:55,525] [INFO] [main] Error processing MQTT message: list index out of range
[2024-03-16 22:30:55,879] [INFO] [main] Error processing MQTT message: list index out of range
[2024-03-16 22:30:56,077] [INFO] [main] Error processing MQTT message: list index out of range
[2024-03-16 22:30:56,239] [INFO] [main] Error processing MQTT message: list index out of range
[2024-03-16 22:35:50,346] [INFO] [main] Connected to MQTT broker
[2024-03-16 22:50:14,969] [INFO] [main] Connected to MQTT broker
[2024-03-16 22:50:19,224] [INFO] [main] Connected to MQTT broker
[2024-03-16 22:53:22,228] [INFO] [main] Connected to MQTT broker
[2024-03-16 22:58:37,527] [ERROR] [store_api_adapter] Failed to save data. Status code: 500, Reason: Internal Server Error
[2024-03-16 22:59:33,076] [INFO] [main] Connected to MQTT broker
